#
# There is insufficient memory for the Java Runtime Environment to continue.
# Native memory allocation (mmap) failed to map 140509184 bytes for G1 virtual space
# Possible reasons:
#   The system is out of physical RAM or swap space
#   The process is running with CompressedOops enabled, and the Java Heap may be blocking the growth of the native heap
# Possible solutions:
#   Reduce memory load on the system
#   Increase physical memory or swap space
#   Check if swap backing store is full
#   Decrease Java heap size (-Xmx/-Xms)
#   Decrease number of Java threads
#   Decrease Java thread stack sizes (-Xss)
#   Set larger code cache with -XX:ReservedCodeCacheSize=
#   JVM is running with Unscaled Compressed Oops mode in which the Java heap is
#     placed in the first 4GB address space. The Java Heap base address is the
#     maximum limit for the native heap growth. Please use -XX:HeapBaseMinAddress
#     to set the Java Heap base and to place the Java Heap above 4GB virtual address.
# This output file may be truncated or incomplete.
#
#  Out of Memory Error (os_windows.cpp:3550), pid=48960, tid=48988
#
# JRE version: Java(TM) SE Runtime Environment (17.0.8+9) (build 17.0.8+9-LTS-211)
# Java VM: Java HotSpot(TM) 64-Bit Server VM (17.0.8+9-LTS-211, mixed mode, sharing, tiered, compressed oops, compressed class ptrs, g1 gc, windows-amd64)
# No core dump will be written. Minidumps are not enabled by default on client versions of Windows
#

---------------  S U M M A R Y ------------

Command Line: -javaagent:C:\Program Files\JetBrains\IntelliJ IDEA Community Edition 2023.1.2\lib\idea_rt.jar=53975:C:\Program Files\JetBrains\IntelliJ IDEA Community Edition 2023.1.2\bin -Dfile.encoding=UTF-8 Test.pincode

Host: 11th Gen Intel(R) Core(TM) i5-1135G7 @ 2.40GHz, 8 cores, 7G,  Windows 11 , 64 bit Build 22621 (10.0.22621.3527)
Time: Tue May 28 14:30:25 2024 India Standard Time elapsed time: 18.270344 seconds (0d 0h 0m 18s)

---------------  T H R E A D  ---------------

Current thread (0x00000206024ceb80):  VMThread "VM Thread" [stack: 0x000000d12ce00000,0x000000d12cf00000] [id=48988]

Stack: [0x000000d12ce00000,0x000000d12cf00000]
Native frames: (J=compiled Java code, j=interpreted, Vv=VM code, C=native code)
V  [jvm.dll+0x677d0a]
V  [jvm.dll+0x7d8c54]
V  [jvm.dll+0x7da3fe]
V  [jvm.dll+0x7daa63]
V  [jvm.dll+0x245c5f]
V  [jvm.dll+0x674bb9]
V  [jvm.dll+0x6694f2]
V  [jvm.dll+0x3031d6]
V  [jvm.dll+0x30a756]
V  [jvm.dll+0x359f9e]
V  [jvm.dll+0x35a1cf]
V  [jvm.dll+0x2da3e8]
V  [jvm.dll+0x2d87f5]
V  [jvm.dll+0x2d7dfc]
V  [jvm.dll+0x31b4cb]
V  [jvm.dll+0x7df26b]
V  [jvm.dll+0x7dffa4]
V  [jvm.dll+0x7e04bd]
V  [jvm.dll+0x7e0894]
V  [jvm.dll+0x7e0960]
V  [jvm.dll+0x788bba]
V  [jvm.dll+0x676b35]
C  [ucrtbase.dll+0x29333]
C  [KERNEL32.DLL+0x1257d]
C  [ntdll.dll+0x5aa48]

VM_Operation (0x000000d12c8fe7a0): G1CollectForAllocation, mode: safepoint, requested by thread 0x0000020662593f30


---------------  P R O C E S S  ---------------

Threads class SMR info:
_java_thread_list=0x000002064a317e30, length=24, elements={
0x0000020662593f30, 0x00000206024d2610, 0x00000206024d4fd0, 0x00000206024e5ec0,
0x00000206024e7c80, 0x00000206024ea640, 0x00000206024eaff0, 0x00000206024ebd80,
0x00000206024eefe0, 0x0000020602509e30, 0x00000206024bcc90, 0x00000206485b8610,
0x0000020648a64150, 0x0000020649f65510, 0x000002064a6c8760, 0x0000020649e59770,
0x000002064b0b9980, 0x000002064a6f02f0, 0x000002064a6f07c0, 0x0000020649fa4060,
0x0000020649fa4ed0, 0x0000020649fa4a00, 0x0000020649fa53a0, 0x0000020649fa5870
}

Java Threads: ( => current thread )
  0x0000020662593f30 JavaThread "main" [_thread_blocked, id=47340, stack(0x000000d12c800000,0x000000d12c900000)]
  0x00000206024d2610 JavaThread "Reference Handler" daemon [_thread_blocked, id=33308, stack(0x000000d12cf00000,0x000000d12d000000)]
  0x00000206024d4fd0 JavaThread "Finalizer" daemon [_thread_blocked, id=39012, stack(0x000000d12d000000,0x000000d12d100000)]
  0x00000206024e5ec0 JavaThread "Signal Dispatcher" daemon [_thread_blocked, id=32992, stack(0x000000d12d100000,0x000000d12d200000)]
  0x00000206024e7c80 JavaThread "Attach Listener" daemon [_thread_blocked, id=36000, stack(0x000000d12d200000,0x000000d12d300000)]
  0x00000206024ea640 JavaThread "Service Thread" daemon [_thread_blocked, id=29460, stack(0x000000d12d300000,0x000000d12d400000)]
  0x00000206024eaff0 JavaThread "Monitor Deflation Thread" daemon [_thread_blocked, id=10048, stack(0x000000d12d400000,0x000000d12d500000)]
  0x00000206024ebd80 JavaThread "C2 CompilerThread0" daemon [_thread_blocked, id=13164, stack(0x000000d12d500000,0x000000d12d600000)]
  0x00000206024eefe0 JavaThread "C1 CompilerThread0" daemon [_thread_blocked, id=42784, stack(0x000000d12d600000,0x000000d12d700000)]
  0x0000020602509e30 JavaThread "Sweeper thread" daemon [_thread_blocked, id=38724, stack(0x000000d12d700000,0x000000d12d800000)]
  0x00000206024bcc90 JavaThread "Common-Cleaner" daemon [_thread_blocked, id=37296, stack(0x000000d12d800000,0x000000d12d900000)]
  0x00000206485b8610 JavaThread "Monitor Ctrl-Break" daemon [_thread_in_native, id=50236, stack(0x000000d12da00000,0x000000d12db00000)]
  0x0000020648a64150 JavaThread "Notification Thread" daemon [_thread_blocked, id=37228, stack(0x000000d12db00000,0x000000d12dc00000)]
  0x0000020649f65510 JavaThread "ForkJoinPool.commonPool-worker-1" daemon [_thread_blocked, id=44192, stack(0x000000d12e600000,0x000000d12e700000)]
  0x000002064a6c8760 JavaThread "AsyncHttpClient-1-1" daemon [_thread_blocked, id=32220, stack(0x000000d12d900000,0x000000d12da00000)]
  0x0000020649e59770 JavaThread "Exec Default Executor" daemon [_thread_in_native, id=49584, stack(0x000000d12e700000,0x000000d12e800000)]
  0x000002064b0b9980 JavaThread "Exec Stream Pumper" daemon [_thread_in_native, id=23152, stack(0x000000d12e400000,0x000000d12e500000)]
  0x000002064a6f02f0 JavaThread "Exec Stream Pumper" daemon [_thread_in_native, id=45576, stack(0x000000d12e800000,0x000000d12e900000)]
  0x000002064a6f07c0 JavaThread "Driver Service Executor" daemon [_thread_blocked, id=13512, stack(0x000000d12e900000,0x000000d12ea00000)]
  0x0000020649fa4060 JavaThread "Driver Service Executor" daemon [_thread_blocked, id=33808, stack(0x000000d12ea00000,0x000000d12eb00000)]
  0x0000020649fa4ed0 JavaThread "UrlChecker-2" daemon [_thread_blocked, id=41460, stack(0x000000d12eb00000,0x000000d12ec00000)]
  0x0000020649fa4a00 JavaThread "AsyncHttpClient-1-2" daemon [_thread_in_native, id=49284, stack(0x000000d12ee00000,0x000000d12ef00000)]
  0x0000020649fa53a0 JavaThread "AsyncHttpClient-1-3" daemon [_thread_in_native, id=50740, stack(0x000000d12ef00000,0x000000d12f000000)]
  0x0000020649fa5870 JavaThread "AsyncHttpClient-1-4" daemon [_thread_in_native, id=47108, stack(0x000000d12f000000,0x000000d12f100000)]

Other Threads:
=>0x00000206024ceb80 VMThread "VM Thread" [stack: 0x000000d12ce00000,0x000000d12cf00000] [id=48988]
  0x0000020602a6c9b0 WatcherThread [stack: 0x000000d12dc00000,0x000000d12dd00000] [id=43104]
  0x00000206625ed830 GCTaskThread "GC Thread#0" [stack: 0x000000d12c900000,0x000000d12ca00000] [id=35476]
  0x0000020648eac000 GCTaskThread "GC Thread#1" [stack: 0x000000d12dd00000,0x000000d12de00000] [id=43596]
  0x0000020649068d60 GCTaskThread "GC Thread#2" [stack: 0x000000d12de00000,0x000000d12df00000] [id=50920]
  0x0000020648d51260 GCTaskThread "GC Thread#3" [stack: 0x000000d12df00000,0x000000d12e000000] [id=26504]
  0x0000020648d51510 GCTaskThread "GC Thread#4" [stack: 0x000000d12e000000,0x000000d12e100000] [id=34828]
  0x0000020648c52920 GCTaskThread "GC Thread#5" [stack: 0x000000d12e100000,0x000000d12e200000] [id=16296]
  0x0000020648c52bd0 GCTaskThread "GC Thread#6" [stack: 0x000000d12e200000,0x000000d12e300000] [id=25200]
  0x0000020649571470 GCTaskThread "GC Thread#7" [stack: 0x000000d12e500000,0x000000d12e600000] [id=21208]
  0x00000206625fb020 ConcurrentGCThread "G1 Main Marker" [stack: 0x000000d12ca00000,0x000000d12cb00000] [id=42724]
  0x00000206625fba30 ConcurrentGCThread "G1 Conc#0" [stack: 0x000000d12cb00000,0x000000d12cc00000] [id=46280]
  0x000002064a054340 ConcurrentGCThread "G1 Conc#1" [stack: 0x000000d12f100000,0x000000d12f200000] [id=36884]
  0x00000206023778e0 ConcurrentGCThread "G1 Refine#0" [stack: 0x000000d12cc00000,0x000000d12cd00000] [id=37660]
  0x0000020648b379b0 ConcurrentGCThread "G1 Refine#1" [stack: 0x000000d12e300000,0x000000d12e400000] [id=30372]
  0x000002064970e090 ConcurrentGCThread "G1 Refine#2" [stack: 0x000000d12f300000,0x000000d12f400000] [id=36784]
  0x000002064970f790 ConcurrentGCThread "G1 Refine#3" [stack: 0x000000d12f400000,0x000000d12f500000] [id=33500]
  0x000002064970e930 ConcurrentGCThread "G1 Refine#4" [stack: 0x000000d12ed00000,0x000000d12ee00000] [id=36560]
  0x000002066262ebe0 ConcurrentGCThread "G1 Service" [stack: 0x000000d12cd00000,0x000000d12ce00000] [id=42928]

Threads with active compile tasks:

VM state: at safepoint (normal execution)

VM Mutex/Monitor currently owned by a thread:  ([mutex/lock_event])
[0x000002066258fa20] Threads_lock - owner thread: 0x00000206024ceb80
[0x000002066258eb80] Heap_lock - owner thread: 0x0000020662593f30

Heap address: 0x0000000084a00000, size: 1974 MB, Compressed Oops mode: 32-bit

CDS archive(s) mapped at: [0x0000020603000000-0x0000020603bd0000-0x0000020603bd0000), size 12386304, SharedBaseAddress: 0x0000020603000000, ArchiveRelocationMode: 1.
Compressed class space mapped at: 0x0000020604000000-0x0000020644000000, reserved size: 1073741824
Narrow klass base: 0x0000020603000000, Narrow klass shift: 0, Narrow klass range: 0x100000000

GC Precious Log:
 CPUs: 8 total, 8 available
 Memory: 7890M
 Large Page Support: Disabled
 NUMA Support: Disabled
 Compressed Oops: Enabled (32-bit)
 Heap Region Size: 1M
 Heap Min Capacity: 8M
 Heap Initial Capacity: 124M
 Heap Max Capacity: 1974M
 Pre-touch: Disabled
 Parallel Workers: 8
 Concurrent Workers: 2
 Concurrent Refinement Workers: 8
 Periodic GC: Disabled

Heap:
 garbage-first heap   total 257024K, used 177494K [0x0000000084a00000, 0x0000000100000000)
  region size 1024K, 8 young (8192K), 8 survivors (8192K)
 Metaspace       used 27768K, committed 27968K, reserved 1114112K
  class space    used 3356K, committed 3456K, reserved 1048576K

Heap Regions: E=young(eden), S=young(survivor), O=old, HS=humongous(starts), HC=humongous(continues), CS=collection set, F=free, OA=open archive, CA=closed archive, TAMS=top-at-mark-start (previous, next)
|   0|0x0000000084a00000, 0x0000000084b00000, 0x0000000084b00000|100%| O|  |TAMS 0x0000000084b00000, 0x0000000084b00000| Untracked 
|   1|0x0000000084b00000, 0x0000000084c00000, 0x0000000084c00000|100%| O|  |TAMS 0x0000000084c00000, 0x0000000084c00000| Untracked 
|   2|0x0000000084c00000, 0x0000000084d00000, 0x0000000084d00000|100%| O|  |TAMS 0x0000000084d00000, 0x0000000084d00000| Untracked 
|   3|0x0000000084d00000, 0x0000000084e00000, 0x0000000084e00000|100%| O|  |TAMS 0x0000000084e00000, 0x0000000084e00000| Untracked 
|   4|0x0000000084e00000, 0x0000000084f00000, 0x0000000084f00000|100%| O|  |TAMS 0x0000000084f00000, 0x0000000084f00000| Untracked 
|   5|0x0000000084f00000, 0x0000000085000000, 0x0000000085000000|100%| O|  |TAMS 0x0000000085000000, 0x0000000085000000| Untracked 
|   6|0x0000000085000000, 0x0000000085100000, 0x0000000085100000|100%| O|  |TAMS 0x0000000085100000, 0x0000000085100000| Untracked 
|   7|0x0000000085100000, 0x0000000085200000, 0x0000000085200000|100%| O|  |TAMS 0x0000000085200000, 0x0000000085200000| Untracked 
|   8|0x0000000085200000, 0x0000000085300000, 0x0000000085300000|100%| O|  |TAMS 0x0000000085300000, 0x0000000085300000| Untracked 
|   9|0x0000000085300000, 0x0000000085400000, 0x0000000085400000|100%| O|  |TAMS 0x0000000085400000, 0x0000000085400000| Untracked 
|  10|0x0000000085400000, 0x0000000085500000, 0x0000000085500000|100%| O|  |TAMS 0x0000000085500000, 0x0000000085500000| Untracked 
|  11|0x0000000085500000, 0x0000000085600000, 0x0000000085600000|100%| O|  |TAMS 0x0000000085600000, 0x0000000085600000| Untracked 
|  12|0x0000000085600000, 0x0000000085700000, 0x0000000085700000|100%| O|  |TAMS 0x0000000085700000, 0x0000000085700000| Untracked 
|  13|0x0000000085700000, 0x0000000085800000, 0x0000000085800000|100%| O|  |TAMS 0x0000000085800000, 0x0000000085800000| Untracked 
|  14|0x0000000085800000, 0x0000000085900000, 0x0000000085900000|100%|HS|  |TAMS 0x0000000085900000, 0x0000000085900000| Complete 
|  15|0x0000000085900000, 0x0000000085a00000, 0x0000000085a00000|100%|HC|  |TAMS 0x0000000085a00000, 0x0000000085a00000| Complete 
|  16|0x0000000085a00000, 0x0000000085b00000, 0x0000000085b00000|100%|HC|  |TAMS 0x0000000085b00000, 0x0000000085b00000| Complete 
|  17|0x0000000085b00000, 0x0000000085c00000, 0x0000000085c00000|100%|HC|  |TAMS 0x0000000085c00000, 0x0000000085c00000| Complete 
|  18|0x0000000085c00000, 0x0000000085d00000, 0x0000000085d00000|100%|HC|  |TAMS 0x0000000085d00000, 0x0000000085d00000| Complete 
|  19|0x0000000085d00000, 0x0000000085e00000, 0x0000000085e00000|100%| O|  |TAMS 0x0000000085e00000, 0x0000000085e00000| Untracked 
|  20|0x0000000085e00000, 0x0000000085f00000, 0x0000000085f00000|100%| O|  |TAMS 0x0000000085f00000, 0x0000000085f00000| Untracked 
|  21|0x0000000085f00000, 0x0000000086000000, 0x0000000086000000|100%| O|  |TAMS 0x0000000086000000, 0x0000000086000000| Untracked 
|  22|0x0000000086000000, 0x0000000086100000, 0x0000000086100000|100%| O|  |TAMS 0x0000000086100000, 0x0000000086100000| Untracked 
|  23|0x0000000086100000, 0x0000000086200000, 0x0000000086200000|100%| O|  |TAMS 0x0000000086200000, 0x0000000086200000| Untracked 
|  24|0x0000000086200000, 0x00000000862d5800, 0x0000000086300000| 83%| O|  |TAMS 0x00000000862d5800, 0x00000000862d5800| Untracked 
|  25|0x0000000086300000, 0x0000000086400000, 0x0000000086400000|100%| O|  |TAMS 0x0000000086400000, 0x0000000086400000| Untracked 
|  26|0x0000000086400000, 0x0000000086500000, 0x0000000086500000|100%| O|  |TAMS 0x0000000086500000, 0x0000000086500000| Untracked 
|  27|0x0000000086500000, 0x0000000086600000, 0x0000000086600000|100%|HS|  |TAMS 0x0000000086600000, 0x0000000086600000| Complete 
|  28|0x0000000086600000, 0x0000000086700000, 0x0000000086700000|100%|HC|  |TAMS 0x0000000086700000, 0x0000000086700000| Complete 
|  29|0x0000000086700000, 0x0000000086800000, 0x0000000086800000|100%| O|  |TAMS 0x0000000086800000, 0x0000000086800000| Untracked 
|  30|0x0000000086800000, 0x0000000086900000, 0x0000000086900000|100%| O|  |TAMS 0x0000000086900000, 0x0000000086900000| Untracked 
|  31|0x0000000086900000, 0x0000000086a00000, 0x0000000086a00000|100%| O|  |TAMS 0x0000000086972a00, 0x0000000086a00000| Untracked 
|  32|0x0000000086a00000, 0x0000000086b00000, 0x0000000086b00000|100%| O|  |TAMS 0x0000000086a00000, 0x0000000086b00000| Untracked 
|  33|0x0000000086b00000, 0x0000000086c00000, 0x0000000086c00000|100%| O|  |TAMS 0x0000000086b00000, 0x0000000086c00000| Untracked 
|  34|0x0000000086c00000, 0x0000000086d00000, 0x0000000086d00000|100%| O|  |TAMS 0x0000000086c00000, 0x0000000086d00000| Untracked 
|  35|0x0000000086d00000, 0x0000000086e00000, 0x0000000086e00000|100%| O|  |TAMS 0x0000000086d00000, 0x0000000086e00000| Untracked 
|  36|0x0000000086e00000, 0x0000000086f00000, 0x0000000086f00000|100%| O|  |TAMS 0x0000000086e00000, 0x0000000086f00000| Untracked 
|  37|0x0000000086f00000, 0x0000000087000000, 0x0000000087000000|100%| O|  |TAMS 0x0000000086f00000, 0x0000000087000000| Untracked 
|  38|0x0000000087000000, 0x0000000087100000, 0x0000000087100000|100%|HS|  |TAMS 0x0000000087100000, 0x0000000087100000| Complete 
|  39|0x0000000087100000, 0x0000000087200000, 0x0000000087200000|100%|HC|  |TAMS 0x0000000087200000, 0x0000000087200000| Complete 
|  40|0x0000000087200000, 0x0000000087300000, 0x0000000087300000|100%|HC|  |TAMS 0x0000000087300000, 0x0000000087300000| Complete 
|  41|0x0000000087300000, 0x0000000087400000, 0x0000000087400000|100%|HC|  |TAMS 0x0000000087400000, 0x0000000087400000| Complete 
|  42|0x0000000087400000, 0x0000000087500000, 0x0000000087500000|100%|HC|  |TAMS 0x0000000087500000, 0x0000000087500000| Complete 
|  43|0x0000000087500000, 0x0000000087600000, 0x0000000087600000|100%|HC|  |TAMS 0x0000000087600000, 0x0000000087600000| Complete 
|  44|0x0000000087600000, 0x0000000087700000, 0x0000000087700000|100%|HC|  |TAMS 0x0000000087700000, 0x0000000087700000| Complete 
|  45|0x0000000087700000, 0x0000000087800000, 0x0000000087800000|100%|HC|  |TAMS 0x0000000087800000, 0x0000000087800000| Complete 
|  46|0x0000000087800000, 0x0000000087900000, 0x0000000087900000|100%|HC|  |TAMS 0x0000000087900000, 0x0000000087900000| Complete 
|  47|0x0000000087900000, 0x0000000087a00000, 0x0000000087a00000|100%|HC|  |TAMS 0x0000000087a00000, 0x0000000087a00000| Complete 
|  48|0x0000000087a00000, 0x0000000087b00000, 0x0000000087b00000|100%|HC|  |TAMS 0x0000000087b00000, 0x0000000087b00000| Complete 
|  49|0x0000000087b00000, 0x0000000087c00000, 0x0000000087c00000|100%|HC|  |TAMS 0x0000000087c00000, 0x0000000087c00000| Complete 
|  50|0x0000000087c00000, 0x0000000087d00000, 0x0000000087d00000|100%|HC|  |TAMS 0x0000000087d00000, 0x0000000087d00000| Complete 
|  51|0x0000000087d00000, 0x0000000087e00000, 0x0000000087e00000|100%| O|  |TAMS 0x0000000087d00000, 0x0000000087e00000| Untracked 
|  52|0x0000000087e00000, 0x0000000087f00000, 0x0000000087f00000|100%| O|  |TAMS 0x0000000087e00000, 0x0000000087f00000| Untracked 
|  53|0x0000000087f00000, 0x0000000088000000, 0x0000000088000000|100%| O|  |TAMS 0x0000000087f00000, 0x0000000088000000| Untracked 
|  54|0x0000000088000000, 0x0000000088100000, 0x0000000088100000|100%| O|  |TAMS 0x0000000088000000, 0x0000000088100000| Untracked 
|  55|0x0000000088100000, 0x0000000088200000, 0x0000000088200000|100%| O|  |TAMS 0x0000000088100000, 0x0000000088200000| Untracked 
|  56|0x0000000088200000, 0x0000000088300000, 0x0000000088300000|100%| O|  |TAMS 0x0000000088200000, 0x0000000088300000| Untracked 
|  57|0x0000000088300000, 0x0000000088400000, 0x0000000088400000|100%| O|  |TAMS 0x0000000088300000, 0x0000000088400000| Untracked 
|  58|0x0000000088400000, 0x0000000088500000, 0x0000000088500000|100%| O|  |TAMS 0x0000000088400000, 0x0000000088500000| Untracked 
|  59|0x0000000088500000, 0x0000000088600000, 0x0000000088600000|100%| O|  |TAMS 0x0000000088500000, 0x0000000088600000| Untracked 
|  60|0x0000000088600000, 0x0000000088700000, 0x0000000088700000|100%| O|  |TAMS 0x0000000088600000, 0x0000000088700000| Untracked 
|  61|0x0000000088700000, 0x0000000088800000, 0x0000000088800000|100%| O|  |TAMS 0x0000000088700000, 0x0000000088800000| Untracked 
|  62|0x0000000088800000, 0x0000000088900000, 0x0000000088900000|100%| O|  |TAMS 0x0000000088800000, 0x0000000088900000| Untracked 
|  63|0x0000000088900000, 0x0000000088a00000, 0x0000000088a00000|100%| O|  |TAMS 0x0000000088900000, 0x0000000088a00000| Untracked 
|  64|0x0000000088a00000, 0x0000000088b00000, 0x0000000088b00000|100%| O|  |TAMS 0x0000000088a00000, 0x0000000088b00000| Untracked 
|  65|0x0000000088b00000, 0x0000000088c00000, 0x0000000088c00000|100%| O|  |TAMS 0x0000000088b00000, 0x0000000088c00000| Untracked 
|  66|0x0000000088c00000, 0x0000000088d00000, 0x0000000088d00000|100%| O|  |TAMS 0x0000000088c00000, 0x0000000088d00000| Untracked 
|  67|0x0000000088d00000, 0x0000000088e00000, 0x0000000088e00000|100%| O|  |TAMS 0x0000000088d00000, 0x0000000088e00000| Untracked 
|  68|0x0000000088e00000, 0x0000000088f00000, 0x0000000088f00000|100%| O|  |TAMS 0x0000000088e00000, 0x0000000088f00000| Untracked 
|  69|0x0000000088f00000, 0x0000000089000000, 0x0000000089000000|100%| O|  |TAMS 0x0000000088f00000, 0x0000000089000000| Untracked 
|  70|0x0000000089000000, 0x0000000089100000, 0x0000000089100000|100%| O|  |TAMS 0x0000000089000000, 0x0000000089100000| Untracked 
|  71|0x0000000089100000, 0x0000000089200000, 0x0000000089200000|100%| O|  |TAMS 0x0000000089100000, 0x0000000089200000| Untracked 
|  72|0x0000000089200000, 0x0000000089200000, 0x0000000089300000|  0%| F|  |TAMS 0x0000000089200000, 0x0000000089200000| Untracked 
|  73|0x0000000089300000, 0x0000000089300000, 0x0000000089400000|  0%| F|  |TAMS 0x0000000089300000, 0x0000000089300000| Untracked 
|  74|0x0000000089400000, 0x0000000089400000, 0x0000000089500000|  0%| F|  |TAMS 0x0000000089400000, 0x0000000089400000| Untracked 
|  75|0x0000000089500000, 0x0000000089500000, 0x0000000089600000|  0%| F|  |TAMS 0x0000000089500000, 0x0000000089500000| Untracked 
|  76|0x0000000089600000, 0x0000000089600000, 0x0000000089700000|  0%| F|  |TAMS 0x0000000089600000, 0x0000000089600000| Untracked 
|  77|0x0000000089700000, 0x0000000089700000, 0x0000000089800000|  0%| F|  |TAMS 0x0000000089700000, 0x0000000089700000| Untracked 
|  78|0x0000000089800000, 0x0000000089800000, 0x0000000089900000|  0%| F|  |TAMS 0x0000000089800000, 0x0000000089800000| Untracked 
|  79|0x0000000089900000, 0x0000000089900000, 0x0000000089a00000|  0%| F|  |TAMS 0x0000000089900000, 0x0000000089900000| Untracked 
|  80|0x0000000089a00000, 0x0000000089a00000, 0x0000000089b00000|  0%| F|  |TAMS 0x0000000089a00000, 0x0000000089a00000| Untracked 
|  81|0x0000000089b00000, 0x0000000089b00000, 0x0000000089c00000|  0%| F|  |TAMS 0x0000000089b00000, 0x0000000089b00000| Untracked 
|  82|0x0000000089c00000, 0x0000000089c00000, 0x0000000089d00000|  0%| F|  |TAMS 0x0000000089c00000, 0x0000000089c00000| Untracked 
|  83|0x0000000089d00000, 0x0000000089e00000, 0x0000000089e00000|100%| O|  |TAMS 0x0000000089d00000, 0x0000000089d00000| Untracked 
|  84|0x0000000089e00000, 0x0000000089f00000, 0x0000000089f00000|100%| O|  |TAMS 0x0000000089e00000, 0x0000000089e00000| Untracked 
|  85|0x0000000089f00000, 0x000000008a000000, 0x000000008a000000|100%| O|  |TAMS 0x0000000089f00000, 0x0000000089f00000| Untracked 
|  86|0x000000008a000000, 0x000000008a100000, 0x000000008a100000|100%| O|  |TAMS 0x000000008a000000, 0x000000008a000000| Untracked 
|  87|0x000000008a100000, 0x000000008a200000, 0x000000008a200000|100%| O|  |TAMS 0x000000008a100000, 0x000000008a100000| Untracked 
|  88|0x000000008a200000, 0x000000008a300000, 0x000000008a300000|100%| O|  |TAMS 0x000000008a200000, 0x000000008a200000| Untracked 
|  89|0x000000008a300000, 0x000000008a300000, 0x000000008a400000|  0%| F|  |TAMS 0x000000008a300000, 0x000000008a300000| Untracked 
|  90|0x000000008a400000, 0x000000008a400000, 0x000000008a500000|  0%| F|  |TAMS 0x000000008a400000, 0x000000008a400000| Untracked 
|  91|0x000000008a500000, 0x000000008a500000, 0x000000008a600000|  0%| F|  |TAMS 0x000000008a500000, 0x000000008a500000| Untracked 
|  92|0x000000008a600000, 0x000000008a600000, 0x000000008a700000|  0%| F|  |TAMS 0x000000008a600000, 0x000000008a600000| Untracked 
|  93|0x000000008a700000, 0x000000008a800000, 0x000000008a800000|100%| O|  |TAMS 0x000000008a700000, 0x000000008a700000| Untracked 
|  94|0x000000008a800000, 0x000000008a900000, 0x000000008a900000|100%| O|  |TAMS 0x000000008a800000, 0x000000008a800000| Untracked 
|  95|0x000000008a900000, 0x000000008aa00000, 0x000000008aa00000|100%| O|  |TAMS 0x000000008a900000, 0x000000008a900000| Untracked 
|  96|0x000000008aa00000, 0x000000008ab00000, 0x000000008ab00000|100%| O|  |TAMS 0x000000008aa00000, 0x000000008aa00000| Untracked 
|  97|0x000000008ab00000, 0x000000008ac00000, 0x000000008ac00000|100%| O|  |TAMS 0x000000008ab00000, 0x000000008ab00000| Untracked 
|  98|0x000000008ac00000, 0x000000008ad00000, 0x000000008ad00000|100%| O|  |TAMS 0x000000008ac00000, 0x000000008ac00000| Untracked 
|  99|0x000000008ad00000, 0x000000008ae00000, 0x000000008ae00000|100%| O|  |TAMS 0x000000008ad00000, 0x000000008ad00000| Untracked 
| 100|0x000000008ae00000, 0x000000008af00000, 0x000000008af00000|100%| O|  |TAMS 0x000000008ae00000, 0x000000008ae00000| Untracked 
| 101|0x000000008af00000, 0x000000008b000000, 0x000000008b000000|100%| O|  |TAMS 0x000000008af00000, 0x000000008af00000| Untracked 
| 102|0x000000008b000000, 0x000000008b100000, 0x000000008b100000|100%| O|  |TAMS 0x000000008b000000, 0x000000008b000000| Untracked 
| 103|0x000000008b100000, 0x000000008b200000, 0x000000008b200000|100%| O|  |TAMS 0x000000008b100000, 0x000000008b100000| Untracked 
| 104|0x000000008b200000, 0x000000008b300000, 0x000000008b300000|100%| O|  |TAMS 0x000000008b200000, 0x000000008b200000| Untracked 
| 105|0x000000008b300000, 0x000000008b400000, 0x000000008b400000|100%| O|  |TAMS 0x000000008b300000, 0x000000008b300000| Untracked 
| 106|0x000000008b400000, 0x000000008b500000, 0x000000008b500000|100%| O|  |TAMS 0x000000008b400000, 0x000000008b400000| Untracked 
| 107|0x000000008b500000, 0x000000008b600000, 0x000000008b600000|100%| O|  |TAMS 0x000000008b500000, 0x000000008b500000| Untracked 
| 108|0x000000008b600000, 0x000000008b700000, 0x000000008b700000|100%| O|  |TAMS 0x000000008b600000, 0x000000008b600000| Untracked 
| 109|0x000000008b700000, 0x000000008b800000, 0x000000008b800000|100%| O|  |TAMS 0x000000008b700000, 0x000000008b700000| Untracked 
| 110|0x000000008b800000, 0x000000008b900000, 0x000000008b900000|100%| O|  |TAMS 0x000000008b800000, 0x000000008b800000| Untracked 
| 111|0x000000008b900000, 0x000000008ba00000, 0x000000008ba00000|100%| O|  |TAMS 0x000000008b900000, 0x000000008b900000| Untracked 
| 112|0x000000008ba00000, 0x000000008bb00000, 0x000000008bb00000|100%| O|  |TAMS 0x000000008ba00000, 0x000000008ba00000| Untracked 
| 113|0x000000008bb00000, 0x000000008bc00000, 0x000000008bc00000|100%| O|  |TAMS 0x000000008bb00000, 0x000000008bb00000| Untracked 
| 114|0x000000008bc00000, 0x000000008bd00000, 0x000000008bd00000|100%| O|  |TAMS 0x000000008bc00000, 0x000000008bc00000| Untracked 
| 115|0x000000008bd00000, 0x000000008be00000, 0x000000008be00000|100%| O|  |TAMS 0x000000008bd00000, 0x000000008bd00000| Untracked 
| 116|0x000000008be00000, 0x000000008bf00000, 0x000000008bf00000|100%| O|  |TAMS 0x000000008be00000, 0x000000008be00000| Untracked 
| 117|0x000000008bf00000, 0x000000008c000000, 0x000000008c000000|100%| O|  |TAMS 0x000000008bf00000, 0x000000008bf00000| Untracked 
| 118|0x000000008c000000, 0x000000008c100000, 0x000000008c100000|100%| O|  |TAMS 0x000000008c000000, 0x000000008c000000| Untracked 
| 119|0x000000008c100000, 0x000000008c200000, 0x000000008c200000|100%| O|  |TAMS 0x000000008c100000, 0x000000008c100000| Untracked 
| 120|0x000000008c200000, 0x000000008c300000, 0x000000008c300000|100%| O|  |TAMS 0x000000008c200000, 0x000000008c200000| Untracked 
| 121|0x000000008c300000, 0x000000008c400000, 0x000000008c400000|100%| O|  |TAMS 0x000000008c300000, 0x000000008c300000| Untracked 
| 122|0x000000008c400000, 0x000000008c500000, 0x000000008c500000|100%| O|  |TAMS 0x000000008c400000, 0x000000008c400000| Untracked 
| 123|0x000000008c500000, 0x000000008c600000, 0x000000008c600000|100%| O|  |TAMS 0x000000008c500000, 0x000000008c500000| Untracked 
| 124|0x000000008c600000, 0x000000008c700000, 0x000000008c700000|100%| O|  |TAMS 0x000000008c600000, 0x000000008c600000| Untracked 
| 125|0x000000008c700000, 0x000000008c800000, 0x000000008c800000|100%| O|  |TAMS 0x000000008c700000, 0x000000008c700000| Untracked 
| 126|0x000000008c800000, 0x000000008c900000, 0x000000008c900000|100%| O|  |TAMS 0x000000008c800000, 0x000000008c800000| Untracked 
| 127|0x000000008c900000, 0x000000008ca00000, 0x000000008ca00000|100%| O|  |TAMS 0x000000008c900000, 0x000000008c900000| Untracked 
| 128|0x000000008ca00000, 0x000000008cb00000, 0x000000008cb00000|100%| O|  |TAMS 0x000000008ca00000, 0x000000008ca00000| Untracked 
| 129|0x000000008cb00000, 0x000000008cb80000, 0x000000008cc00000| 50%| O|  |TAMS 0x000000008cb00000, 0x000000008cb00000| Untracked 
| 130|0x000000008cc00000, 0x000000008cc00000, 0x000000008cd00000|  0%| F|  |TAMS 0x000000008cc00000, 0x000000008cc00000| Untracked 
| 131|0x000000008cd00000, 0x000000008cd00000, 0x000000008ce00000|  0%| F|  |TAMS 0x000000008cd00000, 0x000000008cd00000| Untracked 
| 132|0x000000008ce00000, 0x000000008ce00000, 0x000000008cf00000|  0%| F|  |TAMS 0x000000008ce00000, 0x000000008ce00000| Untracked 
| 133|0x000000008cf00000, 0x000000008cf00000, 0x000000008d000000|  0%| F|  |TAMS 0x000000008cf00000, 0x000000008cf00000| Untracked 
| 134|0x000000008d000000, 0x000000008d000000, 0x000000008d100000|  0%| F|  |TAMS 0x000000008d000000, 0x000000008d000000| Untracked 
| 135|0x000000008d100000, 0x000000008d100000, 0x000000008d200000|  0%| F|  |TAMS 0x000000008d100000, 0x000000008d100000| Untracked 
| 136|0x000000008d200000, 0x000000008d200000, 0x000000008d300000|  0%| F|  |TAMS 0x000000008d200000, 0x000000008d200000| Untracked 
| 137|0x000000008d300000, 0x000000008d300000, 0x000000008d400000|  0%| F|  |TAMS 0x000000008d300000, 0x000000008d300000| Untracked 
| 138|0x000000008d400000, 0x000000008d400000, 0x000000008d500000|  0%| F|  |TAMS 0x000000008d400000, 0x000000008d400000| Untracked 
| 139|0x000000008d500000, 0x000000008d500000, 0x000000008d600000|  0%| F|  |TAMS 0x000000008d500000, 0x000000008d500000| Untracked 
| 140|0x000000008d600000, 0x000000008d600000, 0x000000008d700000|  0%| F|  |TAMS 0x000000008d600000, 0x000000008d600000| Untracked 
| 141|0x000000008d700000, 0x000000008d700000, 0x000000008d800000|  0%| F|  |TAMS 0x000000008d700000, 0x000000008d700000| Untracked 
| 142|0x000000008d800000, 0x000000008d800000, 0x000000008d900000|  0%| F|  |TAMS 0x000000008d800000, 0x000000008d800000| Untracked 
| 143|0x000000008d900000, 0x000000008d900000, 0x000000008da00000|  0%| F|  |TAMS 0x000000008d900000, 0x000000008d900000| Untracked 
| 144|0x000000008da00000, 0x000000008da00000, 0x000000008db00000|  0%| F|  |TAMS 0x000000008da00000, 0x000000008da00000| Untracked 
| 145|0x000000008db00000, 0x000000008db00000, 0x000000008dc00000|  0%| F|  |TAMS 0x000000008db00000, 0x000000008db00000| Untracked 
| 146|0x000000008dc00000, 0x000000008dc00000, 0x000000008dd00000|  0%| F|  |TAMS 0x000000008dc00000, 0x000000008dc00000| Untracked 
| 147|0x000000008dd00000, 0x000000008dd00000, 0x000000008de00000|  0%| F|  |TAMS 0x000000008dd00000, 0x000000008dd00000| Untracked 
| 148|0x000000008de00000, 0x000000008de00000, 0x000000008df00000|  0%| F|  |TAMS 0x000000008de00000, 0x000000008de00000| Untracked 
| 149|0x000000008df00000, 0x000000008e000000, 0x000000008e000000|100%| S|CS|TAMS 0x000000008df00000, 0x000000008df00000| Complete 
| 150|0x000000008e000000, 0x000000008e100000, 0x000000008e100000|100%| S|CS|TAMS 0x000000008e000000, 0x000000008e000000| Complete 
| 151|0x000000008e100000, 0x000000008e200000, 0x000000008e200000|100%| S|CS|TAMS 0x000000008e100000, 0x000000008e100000| Complete 
| 152|0x000000008e200000, 0x000000008e300000, 0x000000008e300000|100%| S|CS|TAMS 0x000000008e200000, 0x000000008e200000| Complete 
| 153|0x000000008e300000, 0x000000008e400000, 0x000000008e400000|100%| S|CS|TAMS 0x000000008e300000, 0x000000008e300000| Complete 
| 154|0x000000008e400000, 0x000000008e500000, 0x000000008e500000|100%| S|CS|TAMS 0x000000008e400000, 0x000000008e400000| Complete 
| 155|0x000000008e500000, 0x000000008e600000, 0x000000008e600000|100%| S|CS|TAMS 0x000000008e500000, 0x000000008e500000| Complete 
| 156|0x000000008e600000, 0x000000008e700000, 0x000000008e700000|100%| S|CS|TAMS 0x000000008e600000, 0x000000008e600000| Complete 
| 157|0x000000008e700000, 0x000000008e700000, 0x000000008e800000|  0%| F|  |TAMS 0x000000008e700000, 0x000000008e700000| Untracked 
| 158|0x000000008e800000, 0x000000008e800000, 0x000000008e900000|  0%| F|  |TAMS 0x000000008e800000, 0x000000008e800000| Untracked 
| 159|0x000000008e900000, 0x000000008e900000, 0x000000008ea00000|  0%| F|  |TAMS 0x000000008e900000, 0x000000008e900000| Untracked 
| 160|0x000000008ea00000, 0x000000008ea00000, 0x000000008eb00000|  0%| F|  |TAMS 0x000000008ea00000, 0x000000008ea00000| Untracked 
| 161|0x000000008eb00000, 0x000000008eb00000, 0x000000008ec00000|  0%| F|  |TAMS 0x000000008eb00000, 0x000000008eb00000| Untracked 
| 162|0x000000008ec00000, 0x000000008ec00000, 0x000000008ed00000|  0%| F|  |TAMS 0x000000008ec00000, 0x000000008ec00000| Untracked 
| 163|0x000000008ed00000, 0x000000008ed00000, 0x000000008ee00000|  0%| F|  |TAMS 0x000000008ed00000, 0x000000008ed00000| Untracked 
| 164|0x000000008ee00000, 0x000000008ee00000, 0x000000008ef00000|  0%| F|  |TAMS 0x000000008ee00000, 0x000000008ee00000| Untracked 
| 165|0x000000008ef00000, 0x000000008ef00000, 0x000000008f000000|  0%| F|  |TAMS 0x000000008ef00000, 0x000000008ef00000| Untracked 
| 166|0x000000008f000000, 0x000000008f000000, 0x000000008f100000|  0%| F|  |TAMS 0x000000008f000000, 0x000000008f000000| Untracked 
| 167|0x000000008f100000, 0x000000008f100000, 0x000000008f200000|  0%| F|  |TAMS 0x000000008f100000, 0x000000008f100000| Untracked 
| 168|0x000000008f200000, 0x000000008f200000, 0x000000008f300000|  0%| F|  |TAMS 0x000000008f200000, 0x000000008f200000| Untracked 
| 169|0x000000008f300000, 0x000000008f300000, 0x000000008f400000|  0%| F|  |TAMS 0x000000008f300000, 0x000000008f300000| Untracked 
| 170|0x000000008f400000, 0x000000008f400000, 0x000000008f500000|  0%| F|  |TAMS 0x000000008f400000, 0x000000008f400000| Untracked 
| 171|0x000000008f500000, 0x000000008f500000, 0x000000008f600000|  0%| F|  |TAMS 0x000000008f500000, 0x000000008f500000| Untracked 
| 172|0x000000008f600000, 0x000000008f600000, 0x000000008f700000|  0%| F|  |TAMS 0x000000008f600000, 0x000000008f600000| Untracked 
| 173|0x000000008f700000, 0x000000008f700000, 0x000000008f800000|  0%| F|  |TAMS 0x000000008f700000, 0x000000008f700000| Untracked 
| 174|0x000000008f800000, 0x000000008f800000, 0x000000008f900000|  0%| F|  |TAMS 0x000000008f800000, 0x000000008f800000| Untracked 
| 175|0x000000008f900000, 0x000000008f900000, 0x000000008fa00000|  0%| F|  |TAMS 0x000000008f900000, 0x000000008f900000| Untracked 
| 176|0x000000008fa00000, 0x000000008fa00000, 0x000000008fb00000|  0%| F|  |TAMS 0x000000008fa00000, 0x000000008fa00000| Untracked 
| 177|0x000000008fb00000, 0x000000008fb00000, 0x000000008fc00000|  0%| F|  |TAMS 0x000000008fb00000, 0x000000008fb00000| Untracked 
| 178|0x000000008fc00000, 0x000000008fc00000, 0x000000008fd00000|  0%| F|  |TAMS 0x000000008fc00000, 0x000000008fc00000| Untracked 
| 179|0x000000008fd00000, 0x000000008fd00000, 0x000000008fe00000|  0%| F|  |TAMS 0x000000008fd00000, 0x000000008fd00000| Untracked 
| 180|0x000000008fe00000, 0x000000008fe00000, 0x000000008ff00000|  0%| F|  |TAMS 0x000000008fe00000, 0x000000008fe00000| Untracked 
| 181|0x000000008ff00000, 0x000000008ff00000, 0x0000000090000000|  0%| F|  |TAMS 0x000000008ff00000, 0x000000008ff00000| Untracked 
| 182|0x0000000090000000, 0x0000000090000000, 0x0000000090100000|  0%| F|  |TAMS 0x0000000090000000, 0x0000000090000000| Untracked 
| 183|0x0000000090100000, 0x0000000090100000, 0x0000000090200000|  0%| F|  |TAMS 0x0000000090100000, 0x0000000090100000| Untracked 
| 184|0x0000000090200000, 0x0000000090200000, 0x0000000090300000|  0%| F|  |TAMS 0x0000000090200000, 0x0000000090200000| Untracked 
| 185|0x0000000090300000, 0x0000000090300000, 0x0000000090400000|  0%| F|  |TAMS 0x0000000090300000, 0x0000000090300000| Untracked 
| 186|0x0000000090400000, 0x0000000090400000, 0x0000000090500000|  0%| F|  |TAMS 0x0000000090400000, 0x0000000090400000| Untracked 
| 187|0x0000000090500000, 0x0000000090500000, 0x0000000090600000|  0%| F|  |TAMS 0x0000000090500000, 0x0000000090500000| Untracked 
| 188|0x0000000090600000, 0x0000000090600000, 0x0000000090700000|  0%| F|  |TAMS 0x0000000090600000, 0x0000000090600000| Untracked 
| 189|0x0000000090700000, 0x0000000090700000, 0x0000000090800000|  0%| F|  |TAMS 0x0000000090700000, 0x0000000090700000| Untracked 
| 190|0x0000000090800000, 0x0000000090800000, 0x0000000090900000|  0%| F|  |TAMS 0x0000000090800000, 0x0000000090800000| Untracked 
| 191|0x0000000090900000, 0x0000000090900000, 0x0000000090a00000|  0%| F|  |TAMS 0x0000000090900000, 0x0000000090900000| Untracked 
| 192|0x0000000090a00000, 0x0000000090a00000, 0x0000000090b00000|  0%| F|  |TAMS 0x0000000090a00000, 0x0000000090a00000| Untracked 
| 193|0x0000000090b00000, 0x0000000090b00000, 0x0000000090c00000|  0%| F|  |TAMS 0x0000000090b00000, 0x0000000090b00000| Untracked 
| 194|0x0000000090c00000, 0x0000000090c00000, 0x0000000090d00000|  0%| F|  |TAMS 0x0000000090c00000, 0x0000000090c00000| Untracked 
| 195|0x0000000090d00000, 0x0000000090d00000, 0x0000000090e00000|  0%| F|  |TAMS 0x0000000090d00000, 0x0000000090d00000| Untracked 
| 196|0x0000000090e00000, 0x0000000090e00000, 0x0000000090f00000|  0%| F|  |TAMS 0x0000000090e00000, 0x0000000090e00000| Untracked 
| 197|0x0000000090f00000, 0x0000000090f00000, 0x0000000091000000|  0%| F|  |TAMS 0x0000000090f00000, 0x0000000090f00000| Untracked 
| 198|0x0000000091000000, 0x0000000091000000, 0x0000000091100000|  0%| F|  |TAMS 0x0000000091000000, 0x0000000091000000| Untracked 
| 199|0x0000000091100000, 0x0000000091100000, 0x0000000091200000|  0%| F|  |TAMS 0x0000000091100000, 0x0000000091100000| Untracked 
|1923|0x00000000fcd00000, 0x00000000fce00000, 0x00000000fce00000|100%| O|  |TAMS 0x00000000fcd00000, 0x00000000fcdbc000| Untracked 
|1924|0x00000000fce00000, 0x00000000fcf00000, 0x00000000fcf00000|100%| O|  |TAMS 0x00000000fce00000, 0x00000000fcf00000| Untracked 
|1925|0x00000000fcf00000, 0x00000000fd000000, 0x00000000fd000000|100%| O|  |TAMS 0x00000000fcf00000, 0x00000000fd000000| Untracked 
|1926|0x00000000fd000000, 0x00000000fd100000, 0x00000000fd100000|100%| O|  |TAMS 0x00000000fd000000, 0x00000000fd100000| Untracked 
|1927|0x00000000fd100000, 0x00000000fd200000, 0x00000000fd200000|100%| O|  |TAMS 0x00000000fd100000, 0x00000000fd200000| Untracked 
|1928|0x00000000fd200000, 0x00000000fd300000, 0x00000000fd300000|100%| O|  |TAMS 0x00000000fd200000, 0x00000000fd300000| Untracked 
|1929|0x00000000fd300000, 0x00000000fd400000, 0x00000000fd400000|100%| O|  |TAMS 0x00000000fd300000, 0x00000000fd400000| Untracked 
|1930|0x00000000fd400000, 0x00000000fd500000, 0x00000000fd500000|100%| O|  |TAMS 0x00000000fd400000, 0x00000000fd500000| Untracked 
|1931|0x00000000fd500000, 0x00000000fd600000, 0x00000000fd600000|100%| O|  |TAMS 0x00000000fd500000, 0x00000000fd600000| Untracked 
|1932|0x00000000fd600000, 0x00000000fd700000, 0x00000000fd700000|100%| O|  |TAMS 0x00000000fd600000, 0x00000000fd700000| Untracked 
|1933|0x00000000fd700000, 0x00000000fd800000, 0x00000000fd800000|100%| O|  |TAMS 0x00000000fd700000, 0x00000000fd800000| Untracked 
|1934|0x00000000fd800000, 0x00000000fd900000, 0x00000000fd900000|100%| O|  |TAMS 0x00000000fd800000, 0x00000000fd900000| Untracked 
|1935|0x00000000fd900000, 0x00000000fda00000, 0x00000000fda00000|100%| O|  |TAMS 0x00000000fd900000, 0x00000000fda00000| Untracked 
|1936|0x00000000fda00000, 0x00000000fdb00000, 0x00000000fdb00000|100%| O|  |TAMS 0x00000000fda00000, 0x00000000fdb00000| Untracked 
|1937|0x00000000fdb00000, 0x00000000fdc00000, 0x00000000fdc00000|100%| O|  |TAMS 0x00000000fdb00000, 0x00000000fdc00000| Untracked 
|1938|0x00000000fdc00000, 0x00000000fdd00000, 0x00000000fdd00000|100%| O|  |TAMS 0x00000000fdc00000, 0x00000000fdd00000| Untracked 
|1939|0x00000000fdd00000, 0x00000000fde00000, 0x00000000fde00000|100%| O|  |TAMS 0x00000000fdd00000, 0x00000000fde00000| Untracked 
|1940|0x00000000fde00000, 0x00000000fdf00000, 0x00000000fdf00000|100%| O|  |TAMS 0x00000000fde00000, 0x00000000fdf00000| Untracked 
|1941|0x00000000fdf00000, 0x00000000fe000000, 0x00000000fe000000|100%| O|  |TAMS 0x00000000fdf00000, 0x00000000fe000000| Untracked 
|1942|0x00000000fe000000, 0x00000000fe100000, 0x00000000fe100000|100%| O|  |TAMS 0x00000000fe000000, 0x00000000fe100000| Untracked 
|1943|0x00000000fe100000, 0x00000000fe200000, 0x00000000fe200000|100%| O|  |TAMS 0x00000000fe100000, 0x00000000fe200000| Untracked 
|1944|0x00000000fe200000, 0x00000000fe300000, 0x00000000fe300000|100%| O|  |TAMS 0x00000000fe200000, 0x00000000fe300000| Untracked 
|1945|0x00000000fe300000, 0x00000000fe400000, 0x00000000fe400000|100%| O|  |TAMS 0x00000000fe300000, 0x00000000fe400000| Untracked 
|1946|0x00000000fe400000, 0x00000000fe500000, 0x00000000fe500000|100%| O|  |TAMS 0x00000000fe400000, 0x00000000fe500000| Untracked 
|1947|0x00000000fe500000, 0x00000000fe600000, 0x00000000fe600000|100%| O|  |TAMS 0x00000000fe500000, 0x00000000fe600000| Untracked 
|1948|0x00000000fe600000, 0x00000000fe700000, 0x00000000fe700000|100%| O|  |TAMS 0x00000000fe600000, 0x00000000fe700000| Untracked 
|1949|0x00000000fe700000, 0x00000000fe800000, 0x00000000fe800000|100%| O|  |TAMS 0x00000000fe700000, 0x00000000fe800000| Untracked 
|1950|0x00000000fe800000, 0x00000000fe900000, 0x00000000fe900000|100%| O|  |TAMS 0x00000000fe800000, 0x00000000fe900000| Untracked 
|1951|0x00000000fe900000, 0x00000000fea00000, 0x00000000fea00000|100%| O|  |TAMS 0x00000000fe900000, 0x00000000fea00000| Untracked 
|1952|0x00000000fea00000, 0x00000000feb00000, 0x00000000feb00000|100%| O|  |TAMS 0x00000000fea00000, 0x00000000feb00000| Untracked 
|1953|0x00000000feb00000, 0x00000000fec00000, 0x00000000fec00000|100%| O|  |TAMS 0x00000000feb00000, 0x00000000fec00000| Untracked 
|1954|0x00000000fec00000, 0x00000000fed00000, 0x00000000fed00000|100%| O|  |TAMS 0x00000000fec00000, 0x00000000fed00000| Untracked 
|1955|0x00000000fed00000, 0x00000000fee00000, 0x00000000fee00000|100%| O|  |TAMS 0x00000000fed00000, 0x00000000fee00000| Untracked 
|1956|0x00000000fee00000, 0x00000000fef00000, 0x00000000fef00000|100%| O|  |TAMS 0x00000000fee00000, 0x00000000fef00000| Untracked 
|1957|0x00000000fef00000, 0x00000000ff000000, 0x00000000ff000000|100%| O|  |TAMS 0x00000000fef00000, 0x00000000ff000000| Untracked 
|1958|0x00000000ff000000, 0x00000000ff100000, 0x00000000ff100000|100%| O|  |TAMS 0x00000000ff000000, 0x00000000ff100000| Untracked 
|1959|0x00000000ff100000, 0x00000000ff200000, 0x00000000ff200000|100%| O|  |TAMS 0x00000000ff100000, 0x00000000ff200000| Untracked 
|1960|0x00000000ff200000, 0x00000000ff300000, 0x00000000ff300000|100%| O|  |TAMS 0x00000000ff200000, 0x00000000ff300000| Untracked 
|1961|0x00000000ff300000, 0x00000000ff400000, 0x00000000ff400000|100%| O|  |TAMS 0x00000000ff300000, 0x00000000ff400000| Untracked 
|1962|0x00000000ff400000, 0x00000000ff500000, 0x00000000ff500000|100%| O|  |TAMS 0x00000000ff400000, 0x00000000ff500000| Untracked 
|1963|0x00000000ff500000, 0x00000000ff600000, 0x00000000ff600000|100%| O|  |TAMS 0x00000000ff500000, 0x00000000ff600000| Untracked 
|1964|0x00000000ff600000, 0x00000000ff700000, 0x00000000ff700000|100%| O|  |TAMS 0x00000000ff600000, 0x00000000ff700000| Untracked 
|1965|0x00000000ff700000, 0x00000000ff800000, 0x00000000ff800000|100%| O|  |TAMS 0x00000000ff700000, 0x00000000ff800000| Untracked 
|1966|0x00000000ff800000, 0x00000000ff900000, 0x00000000ff900000|100%| O|  |TAMS 0x00000000ff800000, 0x00000000ff900000| Untracked 
|1967|0x00000000ff900000, 0x00000000ffa00000, 0x00000000ffa00000|100%| O|  |TAMS 0x00000000ff900000, 0x00000000ffa00000| Untracked 
|1968|0x00000000ffa00000, 0x00000000ffb00000, 0x00000000ffb00000|100%| O|  |TAMS 0x00000000ffa00000, 0x00000000ffb00000| Untracked 
|1969|0x00000000ffb00000, 0x00000000ffc00000, 0x00000000ffc00000|100%| O|  |TAMS 0x00000000ffb00000, 0x00000000ffc00000| Untracked 
|1970|0x00000000ffc00000, 0x00000000ffd00000, 0x00000000ffd00000|100%| O|  |TAMS 0x00000000ffc00000, 0x00000000ffd00000| Untracked 
|1971|0x00000000ffd00000, 0x00000000ffe00000, 0x00000000ffe00000|100%| O|  |TAMS 0x00000000ffd00000, 0x00000000ffe00000| Untracked 
|1972|0x00000000ffe00000, 0x00000000fff00000, 0x00000000fff00000|100%| O|  |TAMS 0x00000000ffe00000, 0x00000000fff00000| Untracked 
|1973|0x00000000fff00000, 0x0000000100000000, 0x0000000100000000|100%| O|  |TAMS 0x00000000fff00000, 0x0000000100000000| Untracked 

Card table byte_map: [0x000002067b420000,0x000002067b800000] _byte_map_base: 0x000002067affb000

Marking Bits (Prev, Next): (CMBitMap*) 0x00000206625ede40, (CMBitMap*) 0x00000206625ede80
 Prev Bits: [0x000002067bbe0000, 0x000002067dab8000)
 Next Bits: [0x000002067dac0000, 0x000002067f998000)

Polling page: 0x0000020662630000

Metaspace:

Usage:
  Non-class:     23.84 MB used.
      Class:      3.28 MB used.
       Both:     27.12 MB used.

Virtual space:
  Non-class space:       64.00 MB reserved,      23.94 MB ( 37%) committed,  1 nodes.
      Class space:        1.00 GB reserved,       3.38 MB ( <1%) committed,  1 nodes.
             Both:        1.06 GB reserved,      27.31 MB (  3%) committed. 

Chunk freelists:
   Non-Class:  7.50 MB
       Class:  12.66 MB
        Both:  20.16 MB

MaxMetaspaceSize: unlimited
CompressedClassSpaceSize: 1.00 GB
Initial GC threshold: 21.00 MB
Current GC threshold: 45.31 MB
CDS: on
MetaspaceReclaimPolicy: balanced
 - commit_granule_bytes: 65536.
 - commit_granule_words: 8192.
 - virtual_space_node_default_size: 8388608.
 - enlarge_chunks_in_place: 1.
 - new_chunks_are_fully_committed: 0.
 - uncommit_free_chunks: 1.
 - use_allocation_guard: 0.
 - handle_deallocations: 1.


Internal statistics:

num_allocs_failed_limit: 3.
num_arena_births: 180.
num_arena_deaths: 0.
num_vsnodes_births: 2.
num_vsnodes_deaths: 0.
num_space_committed: 437.
num_space_uncommitted: 0.
num_chunks_returned_to_freelist: 3.
num_chunks_taken_from_freelist: 918.
num_chunk_merges: 3.
num_chunk_splits: 656.
num_chunks_enlarged: 528.
num_purges: 0.
num_inconsistent_stats: 0.

CodeHeap 'non-profiled nmethods': size=120000Kb used=2356Kb max_used=2356Kb free=117643Kb
 bounds [0x00000206730a0000, 0x0000020673310000, 0x000002067a5d0000]
CodeHeap 'profiled nmethods': size=120000Kb used=7052Kb max_used=7052Kb free=112947Kb
 bounds [0x000002066b5d0000, 0x000002066bcc0000, 0x0000020672b00000]
CodeHeap 'non-nmethods': size=5760Kb used=1292Kb max_used=1348Kb free=4467Kb
 bounds [0x0000020672b00000, 0x0000020672d70000, 0x00000206730a0000]
 total_blobs=4121 nmethods=3527 adapters=506
 compilation: enabled
              stopped_count=0, restarted_count=0
 full_count=0

Compilation events (20 events):
Event: 17.754 Thread 0x00000206024ebd80 nmethod 3335 0x00000206732ead10 code [0x00000206732eae80, 0x00000206732eaef8]
Event: 17.754 Thread 0x00000206024ebd80 3336       4       org.apache.xmlbeans.impl.store.Saver$SynthNamespaceSaver::emitEndDoc (1 bytes)
Event: 17.754 Thread 0x00000206024ebd80 nmethod 3336 0x00000206732eb010 code [0x00000206732eb180, 0x00000206732eb1f8]
Event: 17.754 Thread 0x00000206024ebd80 3342       4       org.apache.xmlbeans.impl.store.Saver$TextSaver::emitStartDoc (1 bytes)
Event: 17.754 Thread 0x00000206024ebd80 nmethod 3342 0x00000206732eb310 code [0x00000206732eb480, 0x00000206732eb4f8]
Event: 17.754 Thread 0x00000206024ebd80 3355       4       org.apache.xmlbeans.impl.store.Saver$TextSaver::emitEndDoc (1 bytes)
Event: 17.754 Thread 0x00000206024ebd80 nmethod 3355 0x00000206732eb610 code [0x00000206732eb780, 0x00000206732eb7f8]
Event: 17.754 Thread 0x00000206024ebd80 3411       4       org.apache.xmlbeans.XmlOptions::getSaveSubstituteCharacters (11 bytes)
Event: 17.759 Thread 0x000002064856ae30 nmethod 2901 0x00000206732eb910 code [0x00000206732ebae0, 0x00000206732ec168]
Event: 17.759 Thread 0x000002064856ae30 3484       4       com.sun.org.apache.xerces.internal.util.XMLStringBuffer::clear (11 bytes)
Event: 17.760 Thread 0x000002064856ae30 nmethod 3484 0x00000206732ec610 code [0x00000206732ec780, 0x00000206732ec7f8]
Event: 17.760 Thread 0x00000206024ebd80 nmethod 3411 0x00000206732ec910 code [0x00000206732ecac0, 0x00000206732ecd08]
Event: 18.041 Thread 0x00000206024eefe0 3528       1       io.netty.util.HashedWheelTimer::access$500 (5 bytes)
Event: 18.041 Thread 0x00000206024eefe0 nmethod 3528 0x00000206732ecf90 code [0x00000206732ed120, 0x00000206732ed1d8]
Event: 18.096 Thread 0x00000206024eefe0 3529       3       java.lang.Thread::interrupted (23 bytes)
Event: 18.097 Thread 0x00000206024eefe0 nmethod 3529 0x000002066bcb1c90 code [0x000002066bcb1e40, 0x000002066bcb1fc8]
Event: 18.112 Thread 0x00000206024eefe0 3530       3       io.netty.util.internal.shaded.org.jctools.queues.MpscUnboundedArrayQueue::poll (5 bytes)
Event: 18.112 Thread 0x00000206024eefe0 nmethod 3530 0x000002066bcb2090 code [0x000002066bcb2220, 0x000002066bcb2368]
Event: 18.112 Thread 0x00000206024eefe0 3531       3       io.netty.util.internal.shaded.org.jctools.queues.BaseMpscLinkedArrayQueue::poll (108 bytes)
Event: 18.113 Thread 0x00000206024eefe0 nmethod 3531 0x000002066bcb2410 code [0x000002066bcb2640, 0x000002066bcb2f08]

GC Heap History (20 events):
Event: 15.288 GC heap after
{Heap after GC invocations=9 (full 0):
 garbage-first heap   total 96256K, used 50464K [0x0000000084a00000, 0x0000000100000000)
  region size 1024K, 5 young (5120K), 5 survivors (5120K)
 Metaspace       used 27055K, committed 27328K, reserved 1114112K
  class space    used 3294K, committed 3392K, reserved 1048576K
}
Event: 15.647 GC heap before
{Heap before GC invocations=9 (full 0):
 garbage-first heap   total 96256K, used 70944K [0x0000000084a00000, 0x0000000100000000)
  region size 1024K, 25 young (25600K), 5 survivors (5120K)
 Metaspace       used 27628K, committed 27840K, reserved 1114112K
  class space    used 3331K, committed 3392K, reserved 1048576K
}
Event: 15.673 GC heap after
{Heap after GC invocations=10 (full 0):
 garbage-first heap   total 160768K, used 56150K [0x0000000084a00000, 0x0000000100000000)
  region size 1024K, 4 young (4096K), 4 survivors (4096K)
 Metaspace       used 27628K, committed 27840K, reserved 1114112K
  class space    used 3331K, committed 3392K, reserved 1048576K
}
Event: 15.842 GC heap before
{Heap before GC invocations=11 (full 0):
 garbage-first heap   total 160768K, used 99158K [0x0000000084a00000, 0x0000000100000000)
  region size 1024K, 46 young (47104K), 4 survivors (4096K)
 Metaspace       used 27629K, committed 27840K, reserved 1114112K
  class space    used 3331K, committed 3392K, reserved 1048576K
}
Event: 15.850 GC heap after
{Heap after GC invocations=12 (full 0):
 garbage-first heap   total 160768K, used 57928K [0x0000000084a00000, 0x0000000100000000)
  region size 1024K, 1 young (1024K), 1 survivors (1024K)
 Metaspace       used 27629K, committed 27840K, reserved 1114112K
  class space    used 3331K, committed 3392K, reserved 1048576K
}
Event: 15.952 GC heap before
{Heap before GC invocations=12 (full 0):
 garbage-first heap   total 160768K, used 113224K [0x0000000084a00000, 0x0000000100000000)
  region size 1024K, 55 young (56320K), 1 survivors (1024K)
 Metaspace       used 27629K, committed 27840K, reserved 1114112K
  class space    used 3331K, committed 3392K, reserved 1048576K
}
Event: 15.954 GC heap after
{Heap after GC invocations=13 (full 0):
 garbage-first heap   total 160768K, used 58113K [0x0000000084a00000, 0x0000000100000000)
  region size 1024K, 2 young (2048K), 2 survivors (2048K)
 Metaspace       used 27629K, committed 27840K, reserved 1114112K
  class space    used 3331K, committed 3392K, reserved 1048576K
}
Event: 16.075 GC heap before
{Heap before GC invocations=13 (full 0):
 garbage-first heap   total 160768K, used 117505K [0x0000000084a00000, 0x0000000100000000)
  region size 1024K, 60 young (61440K), 2 survivors (2048K)
 Metaspace       used 27629K, committed 27840K, reserved 1114112K
  class space    used 3331K, committed 3392K, reserved 1048576K
}
Event: 16.078 GC heap after
{Heap after GC invocations=14 (full 0):
 garbage-first heap   total 160768K, used 58688K [0x0000000084a00000, 0x0000000100000000)
  region size 1024K, 2 young (2048K), 2 survivors (2048K)
 Metaspace       used 27629K, committed 27840K, reserved 1114112K
  class space    used 3331K, committed 3392K, reserved 1048576K
}
Event: 16.314 GC heap before
{Heap before GC invocations=14 (full 0):
 garbage-first heap   total 160768K, used 123200K [0x0000000084a00000, 0x0000000100000000)
  region size 1024K, 65 young (66560K), 2 survivors (2048K)
 Metaspace       used 27629K, committed 27840K, reserved 1114112K
  class space    used 3331K, committed 3392K, reserved 1048576K
}
Event: 16.318 GC heap after
{Heap after GC invocations=15 (full 0):
 garbage-first heap   total 160768K, used 59423K [0x0000000084a00000, 0x0000000100000000)
  region size 1024K, 3 young (3072K), 3 survivors (3072K)
 Metaspace       used 27629K, committed 27840K, reserved 1114112K
  class space    used 3331K, committed 3392K, reserved 1048576K
}
Event: 16.424 GC heap before
{Heap before GC invocations=15 (full 0):
 garbage-first heap   total 160768K, used 127007K [0x0000000084a00000, 0x0000000100000000)
  region size 1024K, 69 young (70656K), 3 survivors (3072K)
 Metaspace       used 27631K, committed 27840K, reserved 1114112K
  class space    used 3332K, committed 3392K, reserved 1048576K
}
Event: 16.433 GC heap after
{Heap after GC invocations=16 (full 0):
 garbage-first heap   total 204800K, used 60235K [0x0000000084a00000, 0x0000000100000000)
  region size 1024K, 4 young (4096K), 4 survivors (4096K)
 Metaspace       used 27631K, committed 27840K, reserved 1114112K
  class space    used 3332K, committed 3392K, reserved 1048576K
}
Event: 16.815 GC heap before
{Heap before GC invocations=16 (full 0):
 garbage-first heap   total 204800K, used 167755K [0x0000000084a00000, 0x0000000100000000)
  region size 1024K, 109 young (111616K), 4 survivors (4096K)
 Metaspace       used 27631K, committed 27840K, reserved 1114112K
  class space    used 3332K, committed 3392K, reserved 1048576K
}
Event: 16.825 GC heap after
{Heap after GC invocations=17 (full 0):
 garbage-first heap   total 204800K, used 61514K [0x0000000084a00000, 0x0000000100000000)
  region size 1024K, 5 young (5120K), 5 survivors (5120K)
 Metaspace       used 27631K, committed 27840K, reserved 1114112K
  class space    used 3332K, committed 3392K, reserved 1048576K
}
Event: 16.974 GC heap before
{Heap before GC invocations=17 (full 0):
 garbage-first heap   total 204800K, used 170058K [0x0000000084a00000, 0x0000000100000000)
  region size 1024K, 111 young (113664K), 5 survivors (5120K)
 Metaspace       used 27631K, committed 27840K, reserved 1114112K
  class space    used 3332K, committed 3392K, reserved 1048576K
}
Event: 16.983 GC heap after
{Heap after GC invocations=18 (full 0):
 garbage-first heap   total 204800K, used 62724K [0x0000000084a00000, 0x0000000100000000)
  region size 1024K, 6 young (6144K), 6 survivors (6144K)
 Metaspace       used 27631K, committed 27840K, reserved 1114112K
  class space    used 3332K, committed 3392K, reserved 1048576K
}
Event: 17.942 GC heap before
{Heap before GC invocations=18 (full 0):
 garbage-first heap   total 204800K, used 172292K [0x0000000084a00000, 0x0000000100000000)
  region size 1024K, 113 young (115712K), 6 survivors (6144K)
 Metaspace       used 27766K, committed 27968K, reserved 1114112K
  class space    used 3356K, committed 3456K, reserved 1048576K
}
Event: 18.036 GC heap after
{Heap after GC invocations=19 (full 0):
 garbage-first heap   total 257024K, used 140870K [0x0000000084a00000, 0x0000000100000000)
  region size 1024K, 15 young (15360K), 15 survivors (15360K)
 Metaspace       used 27766K, committed 27968K, reserved 1114112K
  class space    used 3356K, committed 3456K, reserved 1048576K
}
Event: 18.199 GC heap before
{Heap before GC invocations=19 (full 0):
 garbage-first heap   total 257024K, used 184902K [0x0000000084a00000, 0x0000000100000000)
  region size 1024K, 58 young (59392K), 15 survivors (15360K)
 Metaspace       used 27768K, committed 27968K, reserved 1114112K
  class space    used 3356K, committed 3456K, reserved 1048576K
}

Deoptimization events (20 events):
Event: 17.029 Thread 0x0000020662593f30 DEOPT PACKING pc=0x00000206732445a4 sp=0x000000d12c8ff270
Event: 17.029 Thread 0x0000020662593f30 DEOPT UNPACKING pc=0x0000020672b55ba3 sp=0x000000d12c8ff230 mode 2
Event: 17.029 Thread 0x0000020662593f30 Uncommon trap: trap_request=0xffffffde fr.pc=0x000002067323e1e0 relative=0x0000000000000060
Event: 17.029 Thread 0x0000020662593f30 Uncommon trap: reason=class_check action=maybe_recompile pc=0x000002067323e1e0 method=org.apache.xmlbeans.impl.values.XmlObjectBase.get_store()Lorg/apache/xmlbeans/impl/values/TypeStore; @ 28 c2
Event: 17.029 Thread 0x0000020662593f30 DEOPT PACKING pc=0x000002067323e1e0 sp=0x000000d12c8ff220
Event: 17.029 Thread 0x0000020662593f30 DEOPT UNPACKING pc=0x0000020672b55ba3 sp=0x000000d12c8ff1b0 mode 2
Event: 17.029 Thread 0x0000020662593f30 Uncommon trap: trap_request=0xffffffde fr.pc=0x000002067323e1e0 relative=0x0000000000000060
Event: 17.029 Thread 0x0000020662593f30 Uncommon trap: reason=class_check action=maybe_recompile pc=0x000002067323e1e0 method=org.apache.xmlbeans.impl.values.XmlObjectBase.get_store()Lorg/apache/xmlbeans/impl/values/TypeStore; @ 28 c2
Event: 17.029 Thread 0x0000020662593f30 DEOPT PACKING pc=0x000002067323e1e0 sp=0x000000d12c8ff290
Event: 17.029 Thread 0x0000020662593f30 DEOPT UNPACKING pc=0x0000020672b55ba3 sp=0x000000d12c8ff220 mode 2
Event: 17.035 Thread 0x0000020662593f30 Uncommon trap: trap_request=0xffffff45 fr.pc=0x0000020673219258 relative=0x0000000000000df8
Event: 17.035 Thread 0x0000020662593f30 Uncommon trap: reason=unstable_if action=reinterpret pc=0x0000020673219258 method=org.apache.xmlbeans.QNameCache.equals(Ljavax/xml/namespace/QName;Ljava/lang/String;Ljava/lang/String;Ljava/lang/String;)Z @ 19 c2
Event: 17.035 Thread 0x0000020662593f30 DEOPT PACKING pc=0x0000020673219258 sp=0x000000d12c8fe8b0
Event: 17.036 Thread 0x0000020662593f30 DEOPT UNPACKING pc=0x0000020672b55ba3 sp=0x000000d12c8fe7f8 mode 2
Event: 17.036 Thread 0x0000020662593f30 Uncommon trap: trap_request=0xffffff45 fr.pc=0x000002067320e598 relative=0x0000000000000378
Event: 17.036 Thread 0x0000020662593f30 Uncommon trap: reason=unstable_if action=reinterpret pc=0x000002067320e598 method=org.apache.xmlbeans.QNameCache.equals(Ljavax/xml/namespace/QName;Ljava/lang/String;Ljava/lang/String;Ljava/lang/String;)Z @ 19 c2
Event: 17.036 Thread 0x0000020662593f30 DEOPT PACKING pc=0x000002067320e598 sp=0x000000d12c8fe840
Event: 17.036 Thread 0x0000020662593f30 DEOPT UNPACKING pc=0x0000020672b55ba3 sp=0x000000d12c8fe7e0 mode 2
Event: 17.081 Thread 0x0000020662593f30 DEOPT PACKING pc=0x000002066bbb4c43 sp=0x000000d12c8fecd0
Event: 17.081 Thread 0x0000020662593f30 DEOPT UNPACKING pc=0x0000020672b566e3 sp=0x000000d12c8fe198 mode 0

Classes unloaded (0 events):
No events

Classes redefined (0 events):
No events

Internal exceptions (20 events):
Event: 10.789 Thread 0x0000020662593f30 Exception <a 'java/lang/NoSuchMethodError'{0x0000000089e6f168}: 'int java.lang.invoke.DirectMethodHandle$Holder.invokeSpecialIFC(java.lang.Object, java.lang.Object, java.lang.Object)'> (0x0000000089e6f168) 
thrown [s\open\src\hotspot\share\interpreter\linkResolver.cpp, line 759]
Event: 10.815 Thread 0x0000020662593f30 Exception <a 'java/lang/NoSuchMethodError'{0x0000000089d0a3a0}: 'java.lang.Object java.lang.invoke.Invokers$Holder.invokeExact_MT(java.lang.Object, java.lang.Object, java.lang.Object, java.lang.Object, java.lang.Object, java.lang.Object)'> (0x0000000089d0a3a0) 
thrown [s\open\src\hotspot\share\interpreter\linkResolver.cpp, line 759]
Event: 10.843 Thread 0x0000020662593f30 Exception <a 'java/lang/NoSuchMethodError'{0x0000000089db6038}: 'void java.lang.invoke.DirectMethodHandle$Holder.invokeStatic(java.lang.Object, java.lang.Object, java.lang.Object, java.lang.Object)'> (0x0000000089db6038) 
thrown [s\open\src\hotspot\share\interpreter\linkResolver.cpp, line 759]
Event: 13.433 Thread 0x0000020662593f30 Exception <a 'java/lang/NoSuchMethodError'{0x000000008bcc0d60}: 'java.lang.Object java.lang.invoke.DirectMethodHandle$Holder.invokeSpecialIFC(java.lang.Object, java.lang.Object, java.lang.Object)'> (0x000000008bcc0d60) 
thrown [s\open\src\hotspot\share\interpreter\linkResolver.cpp, line 759]
Event: 13.442 Thread 0x0000020662593f30 Exception <a 'java/lang/NoSuchMethodError'{0x000000008bceb460}: 'void java.lang.invoke.DirectMethodHandle$Holder.invokeSpecial(java.lang.Object, java.lang.Object, java.lang.Object)'> (0x000000008bceb460) 
thrown [s\open\src\hotspot\share\interpreter\linkResolver.cpp, line 759]
Event: 13.541 Thread 0x0000020649fa5870 Implicit null exception at 0x00000206731060d6 to 0x0000020673106ae8
Event: 13.624 Thread 0x0000020662593f30 Exception <a 'java/lang/ClassNotFoundException'{0x000000008b707e30}: sun/util/logging/resources/spi/loggingProvider> (0x000000008b707e30) 
thrown [s\open\src\hotspot\share\classfile\systemDictionary.cpp, line 256]
Event: 14.064 Thread 0x0000020662593f30 Exception <a 'java/lang/NoSuchMethodError'{0x000000008c5176b8}: 'int java.lang.invoke.DirectMethodHandle$Holder.invokeStaticInit(java.lang.Object, java.lang.Object, java.lang.Object)'> (0x000000008c5176b8) 
thrown [s\open\src\hotspot\share\interpreter\linkResolver.cpp, line 759]
Event: 14.090 Thread 0x0000020662593f30 Exception <a 'java/lang/NoSuchMethodError'{0x000000008c5a3d88}: 'void java.lang.invoke.DirectMethodHandle$Holder.invokeVirtual(java.lang.Object, java.lang.Object, java.lang.Object, java.lang.Object)'> (0x000000008c5a3d88) 
thrown [s\open\src\hotspot\share\interpreter\linkResolver.cpp, line 759]
Event: 14.140 Thread 0x0000020662593f30 Exception <a 'java/lang/NoSuchMethodError'{0x000000008c5de780}: 'void java.lang.invoke.DirectMethodHandle$Holder.invokeStatic(java.lang.Object, java.lang.Object, java.lang.Object, int)'> (0x000000008c5de780) 
thrown [s\open\src\hotspot\share\interpreter\linkResolver.cpp, line 759]
Event: 14.140 Thread 0x0000020662593f30 Exception <a 'java/lang/NoSuchMethodError'{0x000000008c5e1c40}: 'void java.lang.invoke.DirectMethodHandle$Holder.invokeStaticInit(java.lang.Object, java.lang.Object, java.lang.Object, int)'> (0x000000008c5e1c40) 
thrown [s\open\src\hotspot\share\interpreter\linkResolver.cpp, line 759]
Event: 14.292 Thread 0x0000020662593f30 Implicit null exception at 0x000002067314d9d8 to 0x000002067314daa4
Event: 14.313 Thread 0x0000020662593f30 Exception <a 'java/lang/NoSuchMethodError'{0x000000008a2421a8}: 'java.lang.Object java.lang.invoke.DirectMethodHandle$Holder.invokeStaticInit(java.lang.Object, java.lang.Object, java.lang.Object)'> (0x000000008a2421a8) 
thrown [s\open\src\hotspot\share\interpreter\linkResolver.cpp, line 759]
Event: 14.314 Thread 0x0000020662593f30 Exception <a 'java/lang/NoSuchMethodError'{0x000000008a248290}: 'java.lang.Object java.lang.invoke.DirectMethodHandle$Holder.invokeStatic(java.lang.Object, java.lang.Object, int, int)'> (0x000000008a248290) 
thrown [s\open\src\hotspot\share\interpreter\linkResolver.cpp, line 759]
Event: 14.314 Thread 0x0000020662593f30 Exception <a 'java/lang/NoSuchMethodError'{0x000000008a24ba60}: 'java.lang.Object java.lang.invoke.DirectMethodHandle$Holder.invokeStaticInit(java.lang.Object, java.lang.Object, int, int)'> (0x000000008a24ba60) 
thrown [s\open\src\hotspot\share\interpreter\linkResolver.cpp, line 759]
Event: 14.682 Thread 0x0000020662593f30 Implicit null exception at 0x00000206730fff58 to 0x00000206730fffee
Event: 14.752 Thread 0x0000020662593f30 Implicit null exception at 0x000002067310c890 to 0x000002067310d290
Event: 14.798 Thread 0x0000020662593f30 Exception <a 'java/lang/NoSuchMethodError'{0x000000008986fcd8}: 'java.lang.Object java.lang.invoke.DirectMethodHandle$Holder.newInvokeSpecial(java.lang.Object, java.lang.Object, int, java.lang.Object)'> (0x000000008986fcd8) 
thrown [s\open\src\hotspot\share\interpreter\linkResolver.cpp, line 759]
Event: 14.798 Thread 0x0000020662593f30 Exception <a 'java/lang/NoSuchMethodError'{0x00000000898740b8}: 'java.lang.Object java.lang.invoke.DirectMethodHandle$Holder.invokeSpecial(java.lang.Object, java.lang.Object, java.lang.Object, int, java.lang.Object)'> (0x00000000898740b8) 
thrown [s\open\src\hotspot\share\interpreter\linkResolver.cpp, line 759]
Event: 17.004 Thread 0x0000020662593f30 Implicit null exception at 0x000002067327d257 to 0x000002067327dc80

VM Operations (20 events):
Event: 15.712 Executing VM operation: G1Concurrent done
Event: 15.726 Executing VM operation: G1Concurrent
Event: 15.726 Executing VM operation: G1Concurrent done
Event: 15.842 Executing VM operation: G1CollectForAllocation
Event: 15.850 Executing VM operation: G1CollectForAllocation done
Event: 15.952 Executing VM operation: G1CollectForAllocation
Event: 15.954 Executing VM operation: G1CollectForAllocation done
Event: 16.074 Executing VM operation: G1CollectForAllocation
Event: 16.078 Executing VM operation: G1CollectForAllocation done
Event: 16.314 Executing VM operation: G1CollectForAllocation
Event: 16.318 Executing VM operation: G1CollectForAllocation done
Event: 16.424 Executing VM operation: G1CollectForAllocation
Event: 16.433 Executing VM operation: G1CollectForAllocation done
Event: 16.814 Executing VM operation: G1CollectForAllocation
Event: 16.827 Executing VM operation: G1CollectForAllocation done
Event: 16.974 Executing VM operation: G1CollectForAllocation
Event: 16.983 Executing VM operation: G1CollectForAllocation done
Event: 17.942 Executing VM operation: G1CollectForAllocation
Event: 18.038 Executing VM operation: G1CollectForAllocation done
Event: 18.199 Executing VM operation: G1CollectForAllocation

Events (20 events):
Event: 14.973 loading class java/lang/AbstractMethodError
Event: 14.973 loading class java/lang/AbstractMethodError done
Event: 14.977 loading class org/w3c/dom/Comment
Event: 14.977 loading class org/w3c/dom/Comment done
Event: 14.979 loading class org/w3c/dom/ProcessingInstruction
Event: 14.980 loading class org/w3c/dom/ProcessingInstruction done
Event: 14.986 loading class org/w3c/dom/DocumentFragment
Event: 14.986 loading class org/w3c/dom/DocumentFragment done
Event: 15.002 loading class com/sun/org/apache/xerces/internal/util/URI
Event: 15.003 loading class com/sun/org/apache/xerces/internal/util/URI done
Event: 15.004 loading class com/sun/org/apache/xerces/internal/parsers/AbstractSAXParser$LocatorProxy
Event: 15.004 loading class org/xml/sax/ext/Locator2
Event: 15.004 loading class org/xml/sax/Locator
Event: 15.004 loading class org/xml/sax/Locator done
Event: 15.004 loading class org/xml/sax/ext/Locator2 done
Event: 15.004 loading class com/sun/org/apache/xerces/internal/parsers/AbstractSAXParser$LocatorProxy done
Event: 15.507 loading class java/util/ConcurrentModificationException
Event: 15.507 loading class java/util/ConcurrentModificationException done
Event: 15.680 Thread 0x0000020649fa4530 Thread exited: 0x0000020649fa4530
Event: 18.041 Thread 0x000002064856ae30 Thread exited: 0x000002064856ae30


Dynamic libraries:
0x00007ff6c48b0000 - 0x00007ff6c48c0000 	C:\Program Files\Java\jdk-17\bin\java.exe
0x00007ffb91110000 - 0x00007ffb91327000 	C:\WINDOWS\SYSTEM32\ntdll.dll
0x00007ffb8fa70000 - 0x00007ffb8fb34000 	C:\WINDOWS\System32\KERNEL32.DLL
0x00007ffb8e9d0000 - 0x00007ffb8ed77000 	C:\WINDOWS\System32\KERNELBASE.dll
0x00007ffb8e770000 - 0x00007ffb8e881000 	C:\WINDOWS\System32\ucrtbase.dll
0x00007ffb80990000 - 0x00007ffb809ab000 	C:\Program Files\Java\jdk-17\bin\VCRUNTIME140.dll
0x00007ffb829f0000 - 0x00007ffb82a09000 	C:\Program Files\Java\jdk-17\bin\jli.dll
0x00007ffb8f670000 - 0x00007ffb8f722000 	C:\WINDOWS\System32\ADVAPI32.dll
0x00007ffb90b60000 - 0x00007ffb90c07000 	C:\WINDOWS\System32\msvcrt.dll
0x00007ffb90790000 - 0x00007ffb90838000 	C:\WINDOWS\System32\sechost.dll
0x00007ffb8e4b0000 - 0x00007ffb8e4d8000 	C:\WINDOWS\System32\bcrypt.dll
0x00007ffb90e00000 - 0x00007ffb90f15000 	C:\WINDOWS\System32\RPCRT4.dll
0x00007ffb8f8c0000 - 0x00007ffb8fa6e000 	C:\WINDOWS\System32\USER32.dll
0x00007ffb8e890000 - 0x00007ffb8e8b6000 	C:\WINDOWS\System32\win32u.dll
0x00007ffb8f7e0000 - 0x00007ffb8f809000 	C:\WINDOWS\System32\GDI32.dll
0x00007ffb8e4e0000 - 0x00007ffb8e5f9000 	C:\WINDOWS\System32\gdi32full.dll
0x00007ffb74cc0000 - 0x00007ffb74f53000 	C:\WINDOWS\WinSxS\amd64_microsoft.windows.common-controls_6595b64144ccf1df_6.0.22621.3527_none_270e469b73872a76\COMCTL32.dll
0x00007ffb8e930000 - 0x00007ffb8e9ca000 	C:\WINDOWS\System32\msvcp_win.dll
0x00007ffb7fd90000 - 0x00007ffb7fd9a000 	C:\WINDOWS\SYSTEM32\VERSION.dll
0x00007ffb90cb0000 - 0x00007ffb90ce1000 	C:\WINDOWS\System32\IMM32.DLL
0x00007ffb89a90000 - 0x00007ffb89a9c000 	C:\Program Files\Java\jdk-17\bin\vcruntime140_1.dll
0x00007ffb76dd0000 - 0x00007ffb76e5e000 	C:\Program Files\Java\jdk-17\bin\msvcp140.dll
0x00007ffaed5e0000 - 0x00007ffaee1be000 	C:\Program Files\Java\jdk-17\bin\server\jvm.dll
0x00007ffb90cf0000 - 0x00007ffb90cf8000 	C:\WINDOWS\System32\PSAPI.DLL
0x00007ffb5f3f0000 - 0x00007ffb5f3f9000 	C:\WINDOWS\SYSTEM32\WSOCK32.dll
0x00007ffb86830000 - 0x00007ffb86864000 	C:\WINDOWS\SYSTEM32\WINMM.dll
0x00007ffb90c30000 - 0x00007ffb90ca1000 	C:\WINDOWS\System32\WS2_32.dll
0x00007ffb8d320000 - 0x00007ffb8d338000 	C:\WINDOWS\SYSTEM32\kernel.appcore.dll
0x00007ffb86600000 - 0x00007ffb8660a000 	C:\Program Files\Java\jdk-17\bin\jimage.dll
0x00007ffb8ba20000 - 0x00007ffb8bc52000 	C:\WINDOWS\SYSTEM32\DBGHELP.DLL
0x00007ffb903a0000 - 0x00007ffb90728000 	C:\WINDOWS\System32\combase.dll
0x00007ffb8f3d0000 - 0x00007ffb8f4a7000 	C:\WINDOWS\System32\OLEAUT32.dll
0x00007ffb86870000 - 0x00007ffb868a2000 	C:\WINDOWS\SYSTEM32\dbgcore.DLL
0x00007ffb8e430000 - 0x00007ffb8e4a9000 	C:\WINDOWS\System32\bcryptPrimitives.dll
0x00007ffb6f4f0000 - 0x00007ffb6f4fe000 	C:\Program Files\Java\jdk-17\bin\instrument.dll
0x00007ffb7f530000 - 0x00007ffb7f555000 	C:\Program Files\Java\jdk-17\bin\java.dll
0x00007ffb4c870000 - 0x00007ffb4c947000 	C:\Program Files\Java\jdk-17\bin\jsvml.dll
0x00007ffb8fb40000 - 0x00007ffb9039c000 	C:\WINDOWS\System32\SHELL32.dll
0x00007ffb8c050000 - 0x00007ffb8c946000 	C:\WINDOWS\SYSTEM32\windows.storage.dll
0x00007ffb8bf10000 - 0x00007ffb8c04e000 	C:\WINDOWS\SYSTEM32\wintypes.dll
0x00007ffb8ee40000 - 0x00007ffb8ef35000 	C:\WINDOWS\System32\SHCORE.dll
0x00007ffb90730000 - 0x00007ffb9078e000 	C:\WINDOWS\System32\shlwapi.dll
0x00007ffb8e360000 - 0x00007ffb8e381000 	C:\WINDOWS\SYSTEM32\profapi.dll
0x00007ffb7d0f0000 - 0x00007ffb7d108000 	C:\Program Files\Java\jdk-17\bin\zip.dll
0x00007ffb7d210000 - 0x00007ffb7d229000 	C:\Program Files\Java\jdk-17\bin\net.dll
0x00007ffb8d340000 - 0x00007ffb8d476000 	C:\WINDOWS\SYSTEM32\WINHTTP.dll
0x00007ffb8d8c0000 - 0x00007ffb8d929000 	C:\WINDOWS\system32\mswsock.dll
0x00007ffb7d1f0000 - 0x00007ffb7d206000 	C:\Program Files\Java\jdk-17\bin\nio.dll
0x00007ffb51c40000 - 0x00007ffb51c5a000 	C:\Program Files\JetBrains\IntelliJ IDEA Community Edition 2023.1.2\bin\breakgen64.dll
0x00007ffb8db60000 - 0x00007ffb8db7b000 	C:\WINDOWS\SYSTEM32\CRYPTSP.dll
0x00007ffb8d280000 - 0x00007ffb8d2b5000 	C:\WINDOWS\system32\rsaenh.dll
0x00007ffb8d960000 - 0x00007ffb8d988000 	C:\WINDOWS\SYSTEM32\USERENV.dll
0x00007ffb8db40000 - 0x00007ffb8db4c000 	C:\WINDOWS\SYSTEM32\CRYPTBASE.dll
0x00007ffb8cba0000 - 0x00007ffb8cbcd000 	C:\WINDOWS\SYSTEM32\IPHLPAPI.DLL
0x00007ffb8f3c0000 - 0x00007ffb8f3c9000 	C:\WINDOWS\System32\NSI.dll
0x00007ffb841e0000 - 0x00007ffb841f9000 	C:\WINDOWS\SYSTEM32\dhcpcsvc6.DLL
0x00007ffb82b80000 - 0x00007ffb82b9f000 	C:\WINDOWS\SYSTEM32\dhcpcsvc.DLL
0x00007ffb8cbd0000 - 0x00007ffb8ccc8000 	C:\WINDOWS\SYSTEM32\DNSAPI.dll
0x00007ffb829e0000 - 0x00007ffb829f0000 	C:\Program Files\Java\jdk-17\bin\verify.dll
0x00007ffb80170000 - 0x00007ffb8017a000 	C:\Windows\System32\rasadhlp.dll
0x00007ffb7f710000 - 0x00007ffb7f793000 	C:\WINDOWS\System32\fwpuclnt.dll
0x00007ffb7e920000 - 0x00007ffb7e92a000 	C:\Program Files\Java\jdk-17\bin\management.dll
0x00007ffb76d80000 - 0x00007ffb76d8b000 	C:\Program Files\Java\jdk-17\bin\management_ext.dll
0x00007ffb746f0000 - 0x00007ffb746fe000 	C:\Program Files\Java\jdk-17\bin\sunmscapi.dll
0x00007ffb8e600000 - 0x00007ffb8e768000 	C:\WINDOWS\System32\CRYPT32.dll
0x00007ffb8dc60000 - 0x00007ffb8dc8e000 	C:\WINDOWS\SYSTEM32\ncrypt.dll
0x00007ffb8dc20000 - 0x00007ffb8dc57000 	C:\WINDOWS\SYSTEM32\NTASN1.dll
0x00007ffb5aae0000 - 0x00007ffb5aae8000 	C:\WINDOWS\system32\wshunix.dll

dbghelp: loaded successfully - version: 4.0.5 - missing functions: none
symbol engine: initialized successfully - sym options: 0x614 - pdb path: .;C:\Program Files\Java\jdk-17\bin;C:\WINDOWS\SYSTEM32;C:\WINDOWS\WinSxS\amd64_microsoft.windows.common-controls_6595b64144ccf1df_6.0.22621.3527_none_270e469b73872a76;C:\Program Files\Java\jdk-17\bin\server;C:\Program Files\JetBrains\IntelliJ IDEA Community Edition 2023.1.2\bin

VM Arguments:
jvm_args: -javaagent:C:\Program Files\JetBrains\IntelliJ IDEA Community Edition 2023.1.2\lib\idea_rt.jar=53975:C:\Program Files\JetBrains\IntelliJ IDEA Community Edition 2023.1.2\bin -Dfile.encoding=UTF-8 
java_command: Test.pincode
java_class_path (initial): C:\DQG\DQG_WEB\target\test-classes;C:\DQG\DQG_WEB\target\classes;C:\Users\BhashaMahaboobKolimi\.m2\repository\org\seleniumhq\selenium\selenium-java\4.8.3\selenium-java-4.8.3.jar;C:\Users\BhashaMahaboobKolimi\.m2\repository\org\seleniumhq\selenium\selenium-api\4.8.3\selenium-api-4.8.3.jar;C:\Users\BhashaMahaboobKolimi\.m2\repository\org\seleniumhq\selenium\selenium-chrome-driver\4.8.3\selenium-chrome-driver-4.8.3.jar;C:\Users\BhashaMahaboobKolimi\.m2\repository\com\google\auto\service\auto-service-annotations\1.0.1\auto-service-annotations-1.0.1.jar;C:\Users\BhashaMahaboobKolimi\.m2\repository\com\google\auto\service\auto-service\1.0.1\auto-service-1.0.1.jar;C:\Users\BhashaMahaboobKolimi\.m2\repository\com\google\auto\auto-common\1.2\auto-common-1.2.jar;C:\Users\BhashaMahaboobKolimi\.m2\repository\com\google\guava\guava\31.1-jre\guava-31.1-jre.jar;C:\Users\BhashaMahaboobKolimi\.m2\repository\com\google\guava\failureaccess\1.0.1\failureaccess-1.0.1.jar;C:\Users\BhashaMahaboobKolimi\.m2\repository\com\google\guava\listenablefuture\9999.0-empty-to-avoid-conflict-with-guava\listenablefuture-9999.0-empty-to-avoid-conflict-with-guava.jar;C:\Users\BhashaMahaboobKolimi\.m2\repository\com\google\code\findbugs\jsr305\3.0.2\jsr305-3.0.2.jar;C:\Users\BhashaMahaboobKolimi\.m2\repository\org\checkerframework\checker-qual\3.12.0\checker-qual-3.12.0.jar;C:\Users\BhashaMahaboobKolimi\.m2\repository\com\google\errorprone\error_prone_annotations\2.11.0\error_prone_annotations-2.11.0.jar;C:\Users\BhashaMahaboobKolimi\.m2\repository\com\google\j2objc\j2objc-annotations\1.3\j2objc-annotations-1.3.jar;C:\Users\BhashaMahaboobKolimi\.m2\repository\org\seleniumhq\selenium\selenium-chromium-driver\4.8.3\selenium-chromium-driver-4.8.3.jar;C:\Users\BhashaMahaboobKolimi\.m2\repository\org\seleniumhq\selenium\selenium-json\4.8.3\selenium-json-4.8.3.jar;C:\Users\BhashaMahaboobKolimi\.m2\repository\org\seleniumhq\selenium\selenium-manager\4.8.3\selenium-manager-4.8.3.jar
Launcher Type: SUN_STANDARD

[Global flags]
     intx CICompilerCount                          = 4                                         {product} {ergonomic}
     uint ConcGCThreads                            = 2                                         {product} {ergonomic}
     uint G1ConcRefinementThreads                  = 8                                         {product} {ergonomic}
   size_t G1HeapRegionSize                         = 1048576                                   {product} {ergonomic}
    uintx GCDrainStackTargetSize                   = 64                                        {product} {ergonomic}
   size_t InitialHeapSize                          = 130023424                                 {product} {ergonomic}
   size_t MarkStackSize                            = 4194304                                   {product} {ergonomic}
   size_t MaxHeapSize                              = 2069889024                                {product} {ergonomic}
   size_t MaxNewSize                               = 1241513984                                {product} {ergonomic}
   size_t MinHeapDeltaBytes                        = 1048576                                   {product} {ergonomic}
   size_t MinHeapSize                              = 8388608                                   {product} {ergonomic}
    uintx NonNMethodCodeHeapSize                   = 5839372                                {pd product} {ergonomic}
    uintx NonProfiledCodeHeapSize                  = 122909434                              {pd product} {ergonomic}
    uintx ProfiledCodeHeapSize                     = 122909434                              {pd product} {ergonomic}
    uintx ReservedCodeCacheSize                    = 251658240                              {pd product} {ergonomic}
     bool SegmentedCodeCache                       = true                                      {product} {ergonomic}
   size_t SoftMaxHeapSize                          = 2069889024                             {manageable} {ergonomic}
     bool UseCompressedClassPointers               = true                           {product lp64_product} {ergonomic}
     bool UseCompressedOops                        = true                           {product lp64_product} {ergonomic}
     bool UseG1GC                                  = true                                      {product} {ergonomic}
     bool UseLargePagesIndividualAllocation        = false                                  {pd product} {ergonomic}

Logging:
Log output configuration:
 #0: stdout all=warning uptime,level,tags
 #1: stderr all=off uptime,level,tags

Environment Variables:
JAVA_HOME=C:\Program Files\Java\jdk-17
PATH=C:\Python312\Scripts\;C:\Python312\;C:\Program Files\Common Files\Oracle\Java\javapath;C:\WINDOWS\system32;C:\WINDOWS;C:\WINDOWS\System32\Wbem;C:\WINDOWS\System32\WindowsPowerShell\v1.0\;C:\WINDOWS\System32\OpenSSH\;C:\Program Files\Java\jdk1.8.0_201\bin;C:\Program Files\Microsoft SQL Server\Client SDK\ODBC\170\Tools\Binn\;C:\Program Files\dotnet\;C:\Program Files\Java\jdk-11\bin;C:\Program Files\nodejs;C:\ProgramData\chocolatey\bin;D:\Softwares\apache-maven-3.8.6 (1)\apache-maven-3.8.6\bin;C:\Users\BhashaMahaboobKolimi\AppData\Local\Android\Sdk\platform-tools;C:\Program Files\Java\jdk-17;C:\Program Files\nodejs\node_modules\npm;C:\Program Files (x86)\Microsoft SQL Server\160\Tools\Binn\;C:\Program Files\Microsoft SQL Server\160\Tools\Binn\;C:\Program Files\Microsoft SQL Server\160\DTS\Binn\;C:\Program Files\Git\cmd;C:\Program Files\nodejs\;C:\Program Files\Docker\Docker\resources\bin;C:\Users\BhashaMahaboobKolimi\AppData\Local\Programs\Python\Python310\Scripts\;C:\Users\BhashaMahaboobKolimi\AppData\Local\Programs\Python\Python310\;C:\Users\BhashaMahaboobKolimi\AppData\Local\Microsoft\WindowsApps;C:\Users\BhashaMahaboobKolimi\.dotnet\tools;C:\Users\BhashaMahaboobKolimi\AppData\Local\Programs\Microsoft VS Code\bin;C:\Users\BhashaMahaboobKolimi\AppData\Roaming\npm
USERNAME=BhashaMahaboobKolimi
OS=Windows_NT
PROCESSOR_IDENTIFIER=Intel64 Family 6 Model 140 Stepping 1, GenuineIntel



---------------  S Y S T E M  ---------------

OS:
 Windows 11 , 64 bit Build 22621 (10.0.22621.3527)
OS uptime: 5 days 20:18 hours
Hyper-V role detected

CPU: total 8 (initial active 8) (4 cores per cpu, 2 threads per core) family 6 model 140 stepping 1 microcode 0x86, cx8, cmov, fxsr, ht, mmx, 3dnowpref, sse, sse2, sse3, ssse3, sse4.1, sse4.2, popcnt, lzcnt, tsc, tscinvbit, avx, avx2, aes, erms, clmul, bmi1, bmi2, adx, avx512f, avx512dq, avx512cd, avx512bw, avx512vl, sha, fma, vzeroupper, avx512_vpopcntdq, avx512_vpclmulqdq, avx512_vaes, avx512_vnni, clflush, clflushopt, clwb, avx512_vbmi2, avx512_vbmi, hv

Memory: 4k page, system-wide physical 7890M (276M free)
TotalPageFile size 32466M (AvailPageFile size 83M)
current process WorkingSet (physical memory assigned to process): 380M, peak: 380M
current process commit charge ("private bytes"): 432M, peak: 566M

vm_info: Java HotSpot(TM) 64-Bit Server VM (17.0.8+9-LTS-211) for windows-amd64 JRE (17.0.8+9-LTS-211), built on Jun 14 2023 10:34:31 by "mach5one" with MS VC++ 17.1 (VS2022)

END.
